#
# A fatal error has been detected by the Java Runtime Environment:
#
#  SIGSEGV (0xb) at pc=0x000000010aa20d0c, pid=4376, tid=15107
#
# JRE version: 7.0_13-b20
# Java VM: Java HotSpot(TM) 64-Bit Server VM (23.7-b01 mixed mode bsd-amd64 compressed oops)
# Problematic frame:
# V  [libjvm.dylib+0x2cbd0c]
#
# Failed to write core dump. Core dumps have been disabled. To enable core dumping, try "ulimit -c unlimited" before starting Java again
#
# If you would like to submit a bug report, please visit:
#   http://bugreport.sun.com/bugreport/crash.jsp
#

---------------  T H R E A D  ---------------

Current thread (0x00007f9b34025800):  JavaThread "JDWP Transport Listener: dt_socket" daemon [_thread_in_vm, id=15107, stack(0x000000011a671000,0x000000011a771000)]

siginfo:si_signo=SIGSEGV: si_errno=0, si_code=0 (SEGV0), si_addr=0x0000000000000000

Registers:
RAX=0x0000000000000001, RBX=0x000000011a770aeb, RCX=0x00000000004ec280, RDX=0x000000011a770aeb
RSP=0x000000011a770a50, RBP=0x000000011a770aa0, RSI=0x00007f9b34025800, RDI=0x00007f9b34802d10
R8 =0x0000000000000000, R9 =0x000000009fac3005, R10=0x00007f9b34d171a0, R11=0x00000000abfce1a6
R12=0x00007f9b34025800, R13=0x664f676f4c246200, R14=0x664f676f4c246200, R15=0x00007f9b34802d10
RIP=0x000000010aa20d0c, EFLAGS=0x0000000000010206, ERR=0x0000000000000000
  TRAPNO=0x000000000000000d

Top of Stack: (sp=0x000000011a770a50)
0x000000011a770a50:   00007f9b34025800 0000000000000000
0x000000011a770a60:   0000000000000000 0000000000000000
0x000000011a770a70:   00007f9b34025800 00007f9b34025800
0x000000011a770a80:   000000011a770aeb 000000011a770af0
0x000000011a770a90:   664f676f4c246200 0000000000000018
0x000000011a770aa0:   000000011a770ac0 000000010b25a280
0x000000011a770ab0:   0000000000000001 000000011a770b68
0x000000011a770ac0:   000000011a770b30 000000010b23f15b
0x000000011a770ad0:   000000011a770b00 00007f9b38250300
0x000000011a770ae0:   0000001900000032 0000000a00770b68
0x000000011a770af0:   0000000000000000 0000000000000000
0x000000011a770b00:   0000000000000000 000000011a770cf0
0x000000011a770b10:   000000010b261da4 00007f9b38196ae0
0x000000011a770b20:   000000011a770b68 000000010b26d568
0x000000011a770b30:   000000011a770b40 000000010b23f254
0x000000011a770b40:   000000011a770d60 000000010b24875e
0x000000011a770b50:   0000148d00000013 00000000000f0200
0x000000011a770b60:   00007f9b34e29220 00007f9b37a0021d
0x000000011a770b70:   0000000100000743 00007f9b382505b0
0x000000011a770b80:   00007f9b0000012c 000000011a770bb8
0x000000011a770b90:   00007f9b34d162d0 00007f0000000000
0x000000011a770ba0:   0000148d0000001c 0000000100001580
0x000000011a770bb0:   000000011a770bb8 9b7f000019000000
0x000000011a770bc0:   0800000098270c38 3e74696e696c633c
0x000000011a770bd0:   0056292803000000 0008000000000000
0x000000011a770be0:   00b01b87349b7f00 65626d756e0d0000
0x000000011a770bf0:   6563617053664f72 616a4c2815000000
0x000000011a770c00:   2f676e616c2f6176 293b676e69727453
0x000000011a770c10:   0000000000000049 270c389b7f00000a
0x000000011a770c20:   476f6405000000d0 4c28520000007465
0x000000011a770c30:   65732f786176616a 74682f74656c7672
0x000000011a770c40:   53707474482f7074 655274656c767265 

Instructions: (pc=0x000000010aa20d0c)
0x000000010aa20cec:   00 00 00 41 f6 87 68 01 00 00 10 75 07 b8 63 00
0x000000010aa20cfc:   00 00 eb 7a 4d 85 f6 75 07 b8 17 00 00 00 eb 6e
0x000000010aa20d0c:   4d 8b 36 48 b8 fe fe fe fe fe fe fe fe 49 39 c6
0x000000010aa20d1c:   74 e7 4d 85 f6 74 e2 48 8d 05 66 1c 46 00 80 38 

Register to memory mapping:

RAX=0x0000000000000001 is an unknown value
RBX=0x000000011a770aeb is pointing into the stack for thread: 0x00007f9b34025800
RCX=0x00000000004ec280 is an unknown value
RDX=0x000000011a770aeb is pointing into the stack for thread: 0x00007f9b34025800
RSP=0x000000011a770a50 is pointing into the stack for thread: 0x00007f9b34025800
RBP=0x000000011a770aa0 is pointing into the stack for thread: 0x00007f9b34025800
RSI=0x00007f9b34025800 is a thread
RDI=0x00007f9b34802d10 is an unknown value
R8 =0x0000000000000000 is an unknown value
R9 =0x000000009fac3005 is an unknown value
R10=0x00007f9b34d171a0 is an unknown value
R11=0x00000000abfce1a6 is an unknown value
R12=0x00007f9b34025800 is a thread
R13=0x664f676f4c246200 is an unknown value
R14=0x664f676f4c246200 is an unknown value
R15=0x00007f9b34802d10 is an unknown value


Stack: [0x000000011a671000,0x000000011a771000],  sp=0x000000011a770a50,  free space=1022k
Native frames: (J=compiled Java code, j=interpreted, Vv=VM code, C=native code)
V  [libjvm.dylib+0x2cbd0c]
C  [libjdwp.dylib+0x20280]  isMethodSynthetic+0x63
C  [libjdwp.dylib+0x515b]  methods1+0x10b
C  [libjdwp.dylib+0x5254]  methodsWithGeneric+0xe
C  [libjdwp.dylib+0xe75e]  debugLoop_run+0x1ce
C  [libjdwp.dylib+0x1f1ba]  attachThread+0x4d
V  [libjvm.dylib+0x30b676]
V  [libjvm.dylib+0x478294]
V  [libjvm.dylib+0x47977a]
V  [libjvm.dylib+0x3b5191]
C  [libsystem_c.dylib+0x147a2]  _pthread_start+0x147
C  [libsystem_c.dylib+0x11e1]  thread_start+0xd


---------------  P R O C E S S  ---------------

Java Threads: ( => current thread )
  0x00007f9b3782c000 JavaThread "pool-2-thread-8" daemon [_thread_blocked, id=32071, stack(0x000000011f513000,0x000000011f613000)]
  0x00007f9b3782a800 JavaThread "807189980@qtp-146983935-9" [_thread_blocked, id=31819, stack(0x000000011a3dd000,0x000000011a4dd000)]
  0x00007f9b389a0000 JavaThread "Thread-16" daemon [_thread_blocked, id=28175, stack(0x000000011f719000,0x000000011f819000)]
  0x00007f9b3899f000 JavaThread "Thread-15" daemon [_thread_blocked, id=22043, stack(0x000000011f616000,0x000000011f716000)]
  0x00007f9b347d5000 JavaThread "Timer-2" daemon [_thread_blocked, id=23051, stack(0x000000011efdd000,0x000000011f0dd000)]
  0x00007f9b368db000 JavaThread "Timer-1" daemon [_thread_blocked, id=11527, stack(0x000000011f410000,0x000000011f510000)]
  0x00007f9b3718d000 JavaThread "1741396466@qtp-146983935-1 - Acceptor0 SelectChannelConnector@0.0.0.0:8888" [_thread_in_native, id=14087, stack(0x000000011ed94000,0x000000011ee94000)]
  0x00007f9b3444f000 JavaThread "Timer-0" daemon [_thread_blocked, id=27651, stack(0x000000011eb29000,0x000000011ec29000)]
  0x00007f9b3424e000 JavaThread "Code server listener" daemon [_thread_in_native, id=27395, stack(0x000000011ea1c000,0x000000011eb1c000)]
  0x00007f9b34242000 JavaThread "pool-1-thread-1" [_thread_blocked, id=26883, stack(0x000000011e774000,0x000000011e874000)]
  0x00007f9b35349800 JavaThread "Thread-2" daemon [_thread_blocked, id=26371, stack(0x000000011e11a000,0x000000011e21a000)]
  0x00007f9b35349000 JavaThread "Thread-1" [_thread_in_native, id=25351, stack(0x000000011e017000,0x000000011e117000)]
  0x00007f9b3423c800 JavaThread "Java2D Disposer" daemon [_thread_blocked, id=24579, stack(0x000000011da05000,0x000000011db05000)]
  0x00007f9b3521c000 JavaThread "Java2D Queue Flusher" daemon [_thread_blocked, id=20747, stack(0x000000011cb32000,0x000000011cc32000)]
  0x00007f9b3514e800 JavaThread "AWT-Shutdown" [_thread_blocked, id=16903, stack(0x000000011b7a2000,0x000000011b8a2000)]
  0x00007f9b340c4800 JavaThread "Service Thread" daemon [_thread_blocked, id=16387, stack(0x000000011b263000,0x000000011b363000)]
  0x00007f9b340c2800 JavaThread "C2 CompilerThread1" daemon [_thread_blocked, id=16131, stack(0x000000011b160000,0x000000011b260000)]
  0x00007f9b340c2000 JavaThread "C2 CompilerThread0" daemon [_thread_blocked, id=15875, stack(0x000000011b05d000,0x000000011b15d000)]
  0x00007f9b34027000 JavaThread "JDWP Command Reader" daemon [_thread_in_native, id=15619, stack(0x000000011a877000,0x000000011a977000)]
  0x00007f9b34026800 JavaThread "JDWP Event Helper Thread" daemon [_thread_blocked, id=15363, stack(0x000000011a774000,0x000000011a874000)]
=>0x00007f9b34025800 JavaThread "JDWP Transport Listener: dt_socket" daemon [_thread_in_vm, id=15107, stack(0x000000011a671000,0x000000011a771000)]
  0x00007f9b3506b000 JavaThread "Signal Dispatcher" daemon [_thread_blocked, id=14851, stack(0x000000011a568000,0x000000011a668000)]
  0x00007f9b35050800 JavaThread "Finalizer" daemon [_thread_blocked, id=10243, stack(0x000000011a294000,0x000000011a394000)]
  0x00007f9b35050000 JavaThread "Reference Handler" daemon [_thread_blocked, id=9987, stack(0x000000011a191000,0x000000011a291000)]
  0x00007f9b35000800 JavaThread "main" [_thread_blocked, id=1799, stack(0x00007fff54dd5000,0x00007fff555d5000)]

Other Threads:
  0x00007f9b3504d800 VMThread [stack: 0x000000011a08e000,0x000000011a18e000] [id=9731]
  0x00007f9b3514e000 WatcherThread [stack: 0x000000011b366000,0x000000011b466000] [id=16643]

VM state:not at safepoint (normal execution)

VM Mutex/Monitor currently owned by a thread: None

Heap
 PSYoungGen      total 193088K, used 157306K [0x00000007d5560000, 0x00000007e5300000, 0x0000000800000000)
  eden space 152064K, 84% used [0x00000007d5560000,0x00000007dd3316d0,0x00000007de9e0000)
  from space 41024K, 69% used [0x00000007de9e0000,0x00000007e05ad478,0x00000007e11f0000)
  to   space 42368K, 0% used [0x00000007e29a0000,0x00000007e29a0000,0x00000007e5300000)
 ParOldGen       total 119744K, used 61014K [0x0000000780000000, 0x00000007874f0000, 0x00000007d5560000)
  object space 119744K, 50% used [0x0000000780000000,0x0000000783b95878,0x00000007874f0000)
 PSPermGen       total 43520K, used 43471K [0x0000000700000000, 0x0000000702a80000, 0x0000000780000000)
  object space 43520K, 99% used [0x0000000700000000,0x0000000702a73ff8,0x0000000702a80000)

Card table byte_map: [0x000000010e421000,0x000000010ec22000] byte_map_base: 0x000000010ac21000

Polling page: 0x000000010b239000

Code Cache  [0x000000010b361000, 0x000000010b6e1000, 0x000000010e361000)
 total_blobs=1332 nmethods=836 adapters=455 free_code_cache=45774Kb largest_free_block=46726272

Compilation events (10 events):
Event: 1373.977 Thread 0x00007f9b340c2800  910             java.util.concurrent.locks.AbstractQueuedSynchronizer::release (33 bytes)
Event: 1373.981 Thread 0x00007f9b340c2800 nmethod 910 0x000000010b4d0950 code [0x000000010b4d0aa0, 0x000000010b4d0be8]
Event: 1475.418 Thread 0x00007f9b340c2000   28 %s!         sun.java2d.opengl.OGLRenderQueue$QueueFlusher::run @ 2 (234 bytes)
Event: 1475.445 Thread 0x00007f9b340c2000 nmethod 28% 0x000000010b4e9350 code [0x000000010b4e95e0, 0x000000010b4ea5a8]
Event: 1551.188 Thread 0x00007f9b340c2800  911             sun.java2d.pipe.RenderQueue::tryLock (4 bytes)
Event: 1551.189 Thread 0x00007f9b340c2000  912             sun.java2d.pipe.RenderQueue::unlock (4 bytes)
Event: 1551.190 Thread 0x00007f9b340c2800 nmethod 911 0x000000010b4d2150 code [0x000000010b4d22a0, 0x000000010b4d23f8]
Event: 1551.191 Thread 0x00007f9b340c2000 nmethod 912 0x000000010b3c2250 code [0x000000010b3c23a0, 0x000000010b3c2508]
Event: 2011.015 Thread 0x00007f9b340c2800  914             superflashcard.server.PrintServlet::concatString (73 bytes)
Event: 2011.048 Thread 0x00007f9b340c2800 nmethod 914 0x000000010b519ed0 code [0x000000010b51a0e0, 0x000000010b51ae40]

GC Heap History (10 events):
Event: 10.934 GC heap before
{Heap before GC invocations=8 (full 1):
 PSYoungGen      total 117504K, used 28448K [0x00000007d5560000, 0x00000007e5580000, 0x0000000800000000)
  eden space 89024K, 0% used [0x00000007d5560000,0x00000007d5560000,0x00000007dac50000)
  from space 28480K, 99% used [0x00000007dac50000,0x00000007dc818030,0x00000007dc820000)
  to   space 42112K, 0% used [0x00000007e2c60000,0x00000007e2c60000,0x00000007e5580000)
 ParOldGen       total 60992K, used 55099K [0x0000000780000000, 0x0000000783b90000, 0x00000007d5560000)
  object space 60992K, 90% used [0x0000000780000000,0x00000007835cedd0,0x0000000783b90000)
 PSPermGen       total 21248K, used 19698K [0x0000000700000000, 0x00000007014c0000, 0x0000000780000000)
  object space 21248K, 92% used [0x0000000700000000,0x000000070133cb20,0x00000007014c0000)
Event: 11.858 GC heap after
Heap after GC invocations=8 (full 1):
 PSYoungGen      total 117504K, used 10977K [0x00000007d5560000, 0x00000007e5580000, 0x0000000800000000)
  eden space 89024K, 0% used [0x00000007d5560000,0x00000007d5560000,0x00000007dac50000)
  from space 28480K, 38% used [0x00000007dac50000,0x00000007db708760,0x00000007dc820000)
  to   space 42112K, 0% used [0x00000007e2c60000,0x00000007e2c60000,0x00000007e5580000)
 ParOldGen       total 119744K, used 60990K [0x0000000780000000, 0x00000007874f0000, 0x00000007d5560000)
  object space 119744K, 50% used [0x0000000780000000,0x0000000783b8f878,0x00000007874f0000)
 PSPermGen       total 39680K, used 19691K [0x0000000700000000, 0x00000007026c0000, 0x0000000780000000)
  object space 39680K, 49% used [0x0000000700000000,0x000000070133aff0,0x00000007026c0000)
}
Event: 15.532 GC heap before
{Heap before GC invocations=9 (full 1):
 PSYoungGen      total 117504K, used 100001K [0x00000007d5560000, 0x00000007e5580000, 0x0000000800000000)
  eden space 89024K, 100% used [0x00000007d5560000,0x00000007dac50000,0x00000007dac50000)
  from space 28480K, 38% used [0x00000007dac50000,0x00000007db708760,0x00000007dc820000)
  to   space 42112K, 0% used [0x00000007e2c60000,0x00000007e2c60000,0x00000007e5580000)
 ParOldGen       total 119744K, used 60990K [0x0000000780000000, 0x00000007874f0000, 0x00000007d5560000)
  object space 119744K, 50% used [0x0000000780000000,0x0000000783b8f878,0x00000007874f0000)
 PSPermGen       total 39680K, used 21169K [0x0000000700000000, 0x00000007026c0000, 0x0000000780000000)
  object space 39680K, 53% used [0x0000000700000000,0x00000007014ac5e0,0x00000007026c0000)
Event: 15.654 GC heap after
Heap after GC invocations=9 (full 1):
 PSYoungGen      total 145344K, used 19615K [0x00000007d5560000, 0x00000007e3f90000, 0x0000000800000000)
  eden space 125696K, 0% used [0x00000007d5560000,0x00000007d5560000,0x00000007dd020000)
  from space 19648K, 99% used [0x00000007e2c60000,0x00000007e3f87fe0,0x00000007e3f90000)
  to   space 40192K, 0% used [0x00000007df110000,0x00000007df110000,0x00000007e1850000)
 ParOldGen       total 119744K, used 60998K [0x0000000780000000, 0x00000007874f0000, 0x00000007d5560000)
  object space 119744K, 50% used [0x0000000780000000,0x0000000783b91878,0x00000007874f0000)
 PSPermGen       total 39680K, used 21169K [0x0000000700000000, 0x00000007026c0000, 0x0000000780000000)
  object space 39680K, 53% used [0x0000000700000000,0x00000007014ac5e0,0x00000007026c0000)
}
Event: 19.351 GC heap before
{Heap before GC invocations=10 (full 1):
 PSYoungGen      total 145344K, used 145311K [0x00000007d5560000, 0x00000007e3f90000, 0x0000000800000000)
  eden space 125696K, 100% used [0x00000007d5560000,0x00000007dd020000,0x00000007dd020000)
  from space 19648K, 99% used [0x00000007e2c60000,0x00000007e3f87fe0,0x00000007e3f90000)
  to   space 40192K, 0% used [0x00000007df110000,0x00000007df110000,0x00000007e1850000)
 ParOldGen       total 119744K, used 60998K [0x0000000780000000, 0x00000007874f0000, 0x00000007d5560000)
  object space 119744K, 50% used [0x0000000780000000,0x0000000783b91878,0x00000007874f0000)
 PSPermGen       total 39680K, used 26524K [0x0000000700000000, 0x00000007026c0000, 0x0000000780000000)
  object space 39680K, 66% used [0x0000000700000000,0x00000007019e73d8,0x00000007026c0000)
Event: 19.414 GC heap after
Heap after GC invocations=10 (full 1):
 PSYoungGen      total 176064K, used 22657K [0x00000007d5560000, 0x00000007e38c0000, 0x0000000800000000)
  eden space 153344K, 0% used [0x00000007d5560000,0x00000007d5560000,0x00000007deb20000)
  from space 22720K, 99% used [0x00000007df110000,0x00000007e07307d0,0x00000007e0740000)
  to   space 39744K, 0% used [0x00000007e11f0000,0x00000007e11f0000,0x00000007e38c0000)
 ParOldGen       total 119744K, used 61006K [0x0000000780000000, 0x00000007874f0000, 0x00000007d5560000)
  object space 119744K, 50% used [0x0000000780000000,0x0000000783b93878,0x00000007874f0000)
 PSPermGen       total 39680K, used 26524K [0x0000000700000000, 0x00000007026c0000, 0x0000000780000000)
  object space 39680K, 66% used [0x0000000700000000,0x00000007019e73d8,0x00000007026c0000)
}
Event: 49.218 GC heap before
{Heap before GC invocations=11 (full 1):
 PSYoungGen      total 176064K, used 176001K [0x00000007d5560000, 0x00000007e38c0000, 0x0000000800000000)
  eden space 153344K, 100% used [0x00000007d5560000,0x00000007deb20000,0x00000007deb20000)
  from space 22720K, 99% used [0x00000007df110000,0x00000007e07307d0,0x00000007e0740000)
  to   space 39744K, 0% used [0x00000007e11f0000,0x00000007e11f0000,0x00000007e38c0000)
 ParOldGen       total 119744K, used 61006K [0x0000000780000000, 0x00000007874f0000, 0x00000007d5560000)
  object space 119744K, 50% used [0x0000000780000000,0x0000000783b93878,0x00000007874f0000)
 PSPermGen       total 39680K, used 33301K [0x0000000700000000, 0x00000007026c0000, 0x0000000780000000)
  object space 39680K, 83% used [0x0000000700000000,0x00000007020855d0,0x00000007026c0000)
Event: 49.307 GC heap after
Heap after GC invocations=11 (full 1):
 PSYoungGen      total 191808K, used 27394K [0x00000007d5560000, 0x00000007e56d0000, 0x0000000800000000)
  eden space 152064K, 0% used [0x00000007d5560000,0x00000007d5560000,0x00000007de9e0000)
  from space 39744K, 68% used [0x00000007e11f0000,0x00000007e2cb0820,0x00000007e38c0000)
  to   space 41024K, 0% used [0x00000007de9e0000,0x00000007de9e0000,0x00000007e11f0000)
 ParOldGen       total 119744K, used 61006K [0x0000000780000000, 0x00000007874f0000, 0x00000007d5560000)
  object space 119744K, 50% used [0x0000000780000000,0x0000000783b93878,0x00000007874f0000)
 PSPermGen       total 39680K, used 33301K [0x0000000700000000, 0x00000007026c0000, 0x0000000780000000)
  object space 39680K, 83% used [0x0000000700000000,0x00000007020855d0,0x00000007026c0000)
}
Event: 143.238 GC heap before
{Heap before GC invocations=12 (full 1):
 PSYoungGen      total 191808K, used 179458K [0x00000007d5560000, 0x00000007e56d0000, 0x0000000800000000)
  eden space 152064K, 100% used [0x00000007d5560000,0x00000007de9e0000,0x00000007de9e0000)
  from space 39744K, 68% used [0x00000007e11f0000,0x00000007e2cb0820,0x00000007e38c0000)
  to   space 41024K, 0% used [0x00000007de9e0000,0x00000007de9e0000,0x00000007e11f0000)
 ParOldGen       total 119744K, used 61006K [0x0000000780000000, 0x00000007874f0000, 0x00000007d5560000)
  object space 119744K, 50% used [0x0000000780000000,0x0000000783b93878,0x00000007874f0000)
 PSPermGen       total 42368K, used 42281K [0x0000000700000000, 0x0000000702960000, 0x0000000780000000)
  object space 42368K, 99% used [0x0000000700000000,0x000000070294a6d8,0x0000000702960000)
Event: 143.331 GC heap after
Heap after GC invocations=12 (full 1):
 PSYoungGen      total 193088K, used 28469K [0x00000007d5560000, 0x00000007e5300000, 0x0000000800000000)
  eden space 152064K, 0% used [0x00000007d5560000,0x00000007d5560000,0x00000007de9e0000)
  from space 41024K, 69% used [0x00000007de9e0000,0x00000007e05ad478,0x00000007e11f0000)
  to   space 42368K, 0% used [0x00000007e29a0000,0x00000007e29a0000,0x00000007e5300000)
 ParOldGen       total 119744K, used 61014K [0x0000000780000000, 0x00000007874f0000, 0x00000007d5560000)
  object space 119744K, 50% used [0x0000000780000000,0x0000000783b95878,0x00000007874f0000)
 PSPermGen       total 42368K, used 42281K [0x0000000700000000, 0x0000000702960000, 0x0000000780000000)
  object space 42368K, 99% used [0x0000000700000000,0x000000070294a6d8,0x0000000702960000)
}

Deoptimization events (10 events):
Event: 54.135 Thread 0x00007f9b38a4c800 Uncommon trap -34 fr.pc 0x000000010b3c24e8
Event: 54.370 Thread 0x00007f9b371aa000 Uncommon trap -25 fr.pc 0x000000010b5af5ec
Event: 54.421 Thread 0x00007f9b371aa000 Uncommon trap -25 fr.pc 0x000000010b5af5ec
Event: 54.716 Thread 0x00007f9b371aa000 Uncommon trap -58 fr.pc 0x000000010b56fbb8
Event: 54.717 Thread 0x00007f9b371aa000 Uncommon trap -58 fr.pc 0x000000010b56fbb8
Event: 54.720 Thread 0x00007f9b371aa000 Uncommon trap -58 fr.pc 0x000000010b56fbb8
Event: 55.316 Thread 0x00007f9b371aa000 Uncommon trap -34 fr.pc 0x000000010b6c3f98
Event: 55.316 Thread 0x00007f9b371aa000 Uncommon trap -34 fr.pc 0x000000010b6c3f98
Event: 55.316 Thread 0x00007f9b371aa000 Uncommon trap -34 fr.pc 0x000000010b6c3f98
Event: 55.316 Thread 0x00007f9b371aa000 Uncommon trap -34 fr.pc 0x000000010b6c3f98

Internal exceptions (10 events):
Event: 54.963 Thread 0x00007f9b371aa000 Threw 0x00000007db450c28 at /HUDSON/workspace/jdk7u13-2-build-macosx-amd64-product/jdk7u13/hotspot/src/share/vm/prims/jvm.cpp:1166
Event: 54.971 Thread 0x00007f9b371aa000 Threw 0x00000007db5fa458 at /HUDSON/workspace/jdk7u13-2-build-macosx-amd64-product/jdk7u13/hotspot/src/share/vm/prims/jvm.cpp:1166
Event: 54.972 Thread 0x00007f9b371aa000 Threw 0x00000007db606e68 at /HUDSON/workspace/jdk7u13-2-build-macosx-amd64-product/jdk7u13/hotspot/src/share/vm/prims/jvm.cpp:1166
Event: 54.974 Thread 0x00007f9b371aa000 Threw 0x00000007db612ef0 at /HUDSON/workspace/jdk7u13-2-build-macosx-amd64-product/jdk7u13/hotspot/src/share/vm/prims/jvm.cpp:1166
Event: 54.976 Thread 0x00007f9b371aa000 Threw 0x00000007db63ea50 at /HUDSON/workspace/jdk7u13-2-build-macosx-amd64-product/jdk7u13/hotspot/src/share/vm/prims/jvm.cpp:1166
Event: 54.983 Thread 0x00007f9b371aa000 Threw 0x00000007db64dee8 at /HUDSON/workspace/jdk7u13-2-build-macosx-amd64-product/jdk7u13/hotspot/src/share/vm/prims/jvm.cpp:1166
Event: 54.984 Thread 0x00007f9b371aa000 Threw 0x00000007db668188 at /HUDSON/workspace/jdk7u13-2-build-macosx-amd64-product/jdk7u13/hotspot/src/share/vm/prims/jvm.cpp:1166
Event: 54.987 Thread 0x00007f9b371aa000 Threw 0x00000007db678390 at /HUDSON/workspace/jdk7u13-2-build-macosx-amd64-product/jdk7u13/hotspot/src/share/vm/prims/jvm.cpp:1166
Event: 54.993 Thread 0x00007f9b371aa000 Threw 0x00000007db699120 at /HUDSON/workspace/jdk7u13-2-build-macosx-amd64-product/jdk7u13/hotspot/src/share/vm/prims/jvm.cpp:1166
Event: 55.025 Thread 0x00007f9b371aa000 Threw 0x00000007db707b40 at /HUDSON/workspace/jdk7u13-2-build-macosx-amd64-product/jdk7u13/hotspot/src/share/vm/prims/jvm.cpp:1166

Events (10 events):
Event: 1845.087 Executing VM operation: RedefineClasses
Event: 1845.102 Executing VM operation: RedefineClasses done
Event: 2010.965 Thread 0x00007f9b3782a800 Thread added: 0x00007f9b3782a800
Event: 2010.967 Executing VM operation: RevokeBias
Event: 2010.968 Executing VM operation: RevokeBias done
Event: 2010.974 Thread 0x00007f9b3782c000 Thread added: 0x00007f9b3782c000
Event: 2011.026 Executing VM operation: RevokeBias
Event: 2011.026 Executing VM operation: RevokeBias done
Event: 2011.042 Thread 0x00007f9b389ae800 Thread exited: 0x00007f9b389ae800
Event: 2011.049 Thread 0x00007f9b340c2800 flushing nmethod 0x000000010b4c2590


Dynamic libraries:
0x0000000006bc3000 	/System/Library/Frameworks/Cocoa.framework/Versions/A/Cocoa
0x0000000006bc3000 	/System/Library/Frameworks/Security.framework/Versions/A/Security
0x0000000006bc3000 	/System/Library/Frameworks/ApplicationServices.framework/Versions/A/ApplicationServices
0x0000000006bc3000 	/usr/lib/libz.1.dylib
0x0000000006bc3000 	/usr/lib/libSystem.B.dylib
0x0000000006bc3000 	/usr/lib/libobjc.A.dylib
0x0000000006bc3000 	/System/Library/Frameworks/CoreFoundation.framework/Versions/A/CoreFoundation
0x0000000006bc3000 	/System/Library/Frameworks/AppKit.framework/Versions/C/AppKit
0x0000000006bc3000 	/System/Library/Frameworks/CoreData.framework/Versions/A/CoreData
0x0000000006bc3000 	/System/Library/Frameworks/Foundation.framework/Versions/C/Foundation
0x0000000006bc3000 	/System/Library/PrivateFrameworks/RemoteViewServices.framework/Versions/A/RemoteViewServices
0x0000000006bc3000 	/System/Library/Frameworks/AudioToolbox.framework/Versions/A/AudioToolbox
0x0000000006bc3000 	/System/Library/Frameworks/AudioUnit.framework/Versions/A/AudioUnit
0x0000000006bc3000 	/System/Library/PrivateFrameworks/DataDetectorsCore.framework/Versions/A/DataDetectorsCore
0x0000000006bc3000 	/System/Library/PrivateFrameworks/DesktopServicesPriv.framework/Versions/A/DesktopServicesPriv
0x0000000006bc3000 	/System/Library/Frameworks/Carbon.framework/Versions/A/Frameworks/HIToolbox.framework/Versions/A/HIToolbox
0x0000000006bc3000 	/System/Library/Frameworks/QuartzCore.framework/Versions/A/QuartzCore
0x0000000006bc3000 	/System/Library/Frameworks/Carbon.framework/Versions/A/Frameworks/SpeechRecognition.framework/Versions/A/SpeechRecognition
0x0000000006bc3000 	/usr/lib/libauto.dylib
0x0000000006bc3000 	/usr/lib/libicucore.A.dylib
0x0000000006bc3000 	/usr/lib/libxml2.2.dylib
0x0000000006bc3000 	/System/Library/PrivateFrameworks/CoreUI.framework/Versions/A/CoreUI
0x0000000006bc3000 	/System/Library/Frameworks/CoreAudio.framework/Versions/A/CoreAudio
0x0000000006bc3000 	/System/Library/Frameworks/DiskArbitration.framework/Versions/A/DiskArbitration
0x0000000006bc3000 	/usr/lib/liblangid.dylib
0x0000000006bc3000 	/System/Library/PrivateFrameworks/MultitouchSupport.framework/Versions/A/MultitouchSupport
0x0000000006bc3000 	/System/Library/Frameworks/IOKit.framework/Versions/A/IOKit
0x0000000006bc3000 	/usr/lib/libDiagnosticMessagesClient.dylib
0x0000000006bc3000 	/System/Library/Frameworks/CoreServices.framework/Versions/A/CoreServices
0x0000000006bc3000 	/System/Library/PrivateFrameworks/PerformanceAnalysis.framework/Versions/A/PerformanceAnalysis
0x0000000006bc3000 	/System/Library/PrivateFrameworks/GenerationalStorage.framework/Versions/A/GenerationalStorage
0x0000000006bc3000 	/System/Library/Frameworks/OpenGL.framework/Versions/A/OpenGL
0x0000000006bc3000 	/System/Library/Frameworks/CoreText.framework/Versions/A/CoreText
0x0000000006bc3000 	/System/Library/Frameworks/ImageIO.framework/Versions/A/ImageIO
0x0000000006bc3000 	/System/Library/PrivateFrameworks/Backup.framework/Versions/A/Backup
0x0000000006bc3000 	/System/Library/Frameworks/CFNetwork.framework/Versions/A/CFNetwork
0x0000000006bc3000 	/System/Library/Frameworks/SystemConfiguration.framework/Versions/A/SystemConfiguration
0x0000000006bc3000 	/usr/lib/libCRFSuite.dylib
0x0000000006bc3000 	/System/Library/PrivateFrameworks/TCC.framework/Versions/A/TCC
0x0000000006bc3000 	/usr/lib/libc++.1.dylib
0x0000000006bc3000 	/usr/lib/libc++abi.dylib
0x0000000006bc3000 	/usr/lib/system/libcache.dylib
0x0000000006bc3000 	/usr/lib/system/libcommonCrypto.dylib
0x0000000006bc3000 	/usr/lib/system/libcompiler_rt.dylib
0x0000000006bc3000 	/usr/lib/system/libcopyfile.dylib
0x0000000006bc3000 	/usr/lib/system/libdispatch.dylib
0x0000000006bc3000 	/usr/lib/system/libdnsinfo.dylib
0x0000000006bc3000 	/usr/lib/system/libdyld.dylib
0x0000000006bc3000 	/usr/lib/system/libkeymgr.dylib
0x0000000006bc3000 	/usr/lib/system/liblaunch.dylib
0x0000000006bc3000 	/usr/lib/system/libmacho.dylib
0x0000000006bc3000 	/usr/lib/system/libquarantine.dylib
0x0000000006bc3000 	/usr/lib/system/libremovefile.dylib
0x0000000006bc3000 	/usr/lib/system/libsystem_blocks.dylib
0x0000000006bc3000 	/usr/lib/system/libsystem_c.dylib
0x0000000006bc3000 	/usr/lib/system/libsystem_dnssd.dylib
0x0000000006bc3000 	/usr/lib/system/libsystem_info.dylib
0x0000000006bc3000 	/usr/lib/system/libsystem_kernel.dylib
0x0000000006bc3000 	/usr/lib/system/libsystem_m.dylib
0x0000000006bc3000 	/usr/lib/system/libsystem_network.dylib
0x0000000006bc3000 	/usr/lib/system/libsystem_notify.dylib
0x0000000006bc3000 	/usr/lib/system/libsystem_sandbox.dylib
0x0000000006bc3000 	/usr/lib/system/libunc.dylib
0x0000000006bc3000 	/usr/lib/system/libunwind.dylib
0x0000000006bc3000 	/usr/lib/system/libxpc.dylib
0x0000000006bc3000 	/usr/lib/system/libcorecrypto.dylib
0x0000000006bc3000 	/usr/lib/libstdc++.6.dylib
0x0000000006bc3000 	/usr/lib/libbsm.0.dylib
0x0000000006bc3000 	/usr/lib/libsqlite3.dylib
0x0000000006bc3000 	/usr/lib/libxar.1.dylib
0x0000000006bc3000 	/usr/lib/libpam.2.dylib
0x0000000006bc3000 	/usr/lib/libOpenScriptingUtil.dylib
0x0000000006bc3000 	/usr/lib/libbz2.1.0.dylib
0x0000000006bc3000 	/System/Library/Frameworks/CoreServices.framework/Versions/A/Frameworks/CarbonCore.framework/Versions/A/CarbonCore
0x0000000006bc3000 	/System/Library/Frameworks/CoreServices.framework/Versions/A/Frameworks/Metadata.framework/Versions/A/Metadata
0x0000000006bc3000 	/System/Library/Frameworks/CoreServices.framework/Versions/A/Frameworks/OSServices.framework/Versions/A/OSServices
0x0000000006bc3000 	/System/Library/Frameworks/CoreServices.framework/Versions/A/Frameworks/SearchKit.framework/Versions/A/SearchKit
0x0000000006bc3000 	/System/Library/Frameworks/CoreServices.framework/Versions/A/Frameworks/AE.framework/Versions/A/AE
0x0000000006bc3000 	/System/Library/Frameworks/CoreServices.framework/Versions/A/Frameworks/LaunchServices.framework/Versions/A/LaunchServices
0x0000000006bc3000 	/System/Library/Frameworks/CoreServices.framework/Versions/A/Frameworks/DictionaryServices.framework/Versions/A/DictionaryServices
0x0000000006bc3000 	/System/Library/Frameworks/NetFS.framework/Versions/A/NetFS
0x0000000006bc3000 	/usr/lib/system/libkxld.dylib
0x0000000006bc3000 	/System/Library/PrivateFrameworks/NetAuth.framework/Versions/A/NetAuth
0x0000000006bc3000 	/System/Library/Frameworks/OpenDirectory.framework/Versions/A/Frameworks/CFOpenDirectory.framework/Versions/A/CFOpenDirectory
0x0000000006bc3000 	/usr/lib/libxslt.1.dylib
0x0000000006bc3000 	/System/Library/PrivateFrameworks/FamilyControls.framework/Versions/A/FamilyControls
0x0000000006bc3000 	/System/Library/Frameworks/Carbon.framework/Versions/A/Frameworks/Ink.framework/Versions/A/Ink
0x0000000006bc3000 	/System/Library/Frameworks/ApplicationServices.framework/Versions/A/Frameworks/CoreGraphics.framework/Versions/A/CoreGraphics
0x0000000006bc3000 	/System/Library/Frameworks/ApplicationServices.framework/Versions/A/Frameworks/ATS.framework/Versions/A/ATS
0x0000000006bc3000 	/System/Library/Frameworks/ApplicationServices.framework/Versions/A/Frameworks/ColorSync.framework/Versions/A/ColorSync
0x0000000006bc3000 	/System/Library/Frameworks/ApplicationServices.framework/Versions/A/Frameworks/HIServices.framework/Versions/A/HIServices
0x0000000006bc3000 	/System/Library/Frameworks/ApplicationServices.framework/Versions/A/Frameworks/LangAnalysis.framework/Versions/A/LangAnalysis
0x0000000006bc3000 	/System/Library/Frameworks/ApplicationServices.framework/Versions/A/Frameworks/PrintCore.framework/Versions/A/PrintCore
0x0000000006bc3000 	/System/Library/Frameworks/ApplicationServices.framework/Versions/A/Frameworks/QD.framework/Versions/A/QD
0x0000000006bc3000 	/System/Library/Frameworks/ApplicationServices.framework/Versions/A/Frameworks/SpeechSynthesis.framework/Versions/A/SpeechSynthesis
0x0000000006bc3000 	/System/Library/Frameworks/IOSurface.framework/Versions/A/IOSurface
0x0000000006bc3000 	/System/Library/Frameworks/Accelerate.framework/Versions/A/Accelerate
0x0000000006bc3000 	/System/Library/Frameworks/ApplicationServices.framework/Versions/A/Frameworks/ATS.framework/Versions/A/Resources/libFontParser.dylib
0x0000000006bc3000 	/System/Library/Frameworks/ApplicationServices.framework/Versions/A/Frameworks/ATS.framework/Versions/A/Resources/libFontRegistry.dylib
0x0000000006bc3000 	/System/Library/Frameworks/Accelerate.framework/Versions/A/Frameworks/vImage.framework/Versions/A/vImage
0x0000000006bc3000 	/System/Library/Frameworks/Accelerate.framework/Versions/A/Frameworks/vecLib.framework/Versions/A/vecLib
0x0000000006bc3000 	/System/Library/Frameworks/Accelerate.framework/Versions/A/Frameworks/vecLib.framework/Versions/A/libvDSP.dylib
0x0000000006bc3000 	/System/Library/Frameworks/Accelerate.framework/Versions/A/Frameworks/vecLib.framework/Versions/A/libvMisc.dylib
0x0000000006bc3000 	/System/Library/Frameworks/Accelerate.framework/Versions/A/Frameworks/vecLib.framework/Versions/A/libLAPACK.dylib
0x0000000006bc3000 	/System/Library/Frameworks/Accelerate.framework/Versions/A/Frameworks/vecLib.framework/Versions/A/libBLAS.dylib
0x0000000006bc3000 	/System/Library/Frameworks/ImageIO.framework/Versions/A/Resources/libJPEG.dylib
0x0000000006bc3000 	/System/Library/Frameworks/ImageIO.framework/Versions/A/Resources/libTIFF.dylib
0x0000000006bc3000 	/System/Library/Frameworks/ImageIO.framework/Versions/A/Resources/libPng.dylib
0x0000000006bc3000 	/System/Library/Frameworks/ImageIO.framework/Versions/A/Resources/libGIF.dylib
0x0000000006bc3000 	/System/Library/Frameworks/ImageIO.framework/Versions/A/Resources/libJP2.dylib
0x0000000006bc3000 	/System/Library/Frameworks/ImageIO.framework/Versions/A/Resources/libRadiance.dylib
0x0000000006bc3000 	/usr/lib/libcups.2.dylib
0x0000000006bc3000 	/System/Library/Frameworks/Kerberos.framework/Versions/A/Kerberos
0x0000000006bc3000 	/System/Library/Frameworks/GSS.framework/Versions/A/GSS
0x0000000006bc3000 	/usr/lib/libresolv.9.dylib
0x0000000006bc3000 	/usr/lib/libiconv.2.dylib
0x0000000006bc3000 	/System/Library/PrivateFrameworks/Heimdal.framework/Versions/A/Heimdal
0x0000000006bc3000 	/System/Library/PrivateFrameworks/TrustEvaluationAgent.framework/Versions/A/TrustEvaluationAgent
0x0000000006bc3000 	/System/Library/Frameworks/OpenDirectory.framework/Versions/A/OpenDirectory
0x0000000006bc3000 	/System/Library/PrivateFrameworks/CommonAuth.framework/Versions/A/CommonAuth
0x0000000006bc3000 	/System/Library/PrivateFrameworks/Bom.framework/Versions/A/Bom
0x0000000006bc3000 	/System/Library/Frameworks/CoreVideo.framework/Versions/A/CoreVideo
0x0000000006bc3000 	/System/Library/Frameworks/QuartzCore.framework/Versions/A/Frameworks/CoreImage.framework/Versions/A/CoreImage
0x0000000006bc3000 	/System/Library/Frameworks/QuartzCore.framework/Versions/A/Frameworks/ScalableUserInterface.framework/Versions/A/ScalableUserInterface
0x0000000006bc3000 	/System/Library/Frameworks/OpenGL.framework/Versions/A/Libraries/libGLU.dylib
0x0000000006bc3000 	/System/Library/Frameworks/OpenGL.framework/Versions/A/Libraries/libGFXShared.dylib
0x0000000006bc3000 	/System/Library/Frameworks/OpenGL.framework/Versions/A/Libraries/libGL.dylib
0x0000000006bc3000 	/System/Library/Frameworks/OpenGL.framework/Versions/A/Libraries/libGLImage.dylib
0x0000000006bc3000 	/System/Library/Frameworks/OpenGL.framework/Versions/A/Libraries/libCVMSPluginSupport.dylib
0x0000000006bc3000 	/System/Library/Frameworks/OpenGL.framework/Versions/A/Libraries/libCoreVMClient.dylib
0x0000000006bc3000 	/System/Library/PrivateFrameworks/CrashReporterSupport.framework/Versions/A/CrashReporterSupport
0x0000000006bc3000 	/System/Library/Frameworks/OpenCL.framework/Versions/A/OpenCL
0x0000000006bc3000 	/System/Library/PrivateFrameworks/FaceCoreLight.framework/Versions/A/FaceCoreLight
0x0000000006bc3000 	/System/Library/PrivateFrameworks/AppleFSCompression.framework/Versions/A/AppleFSCompression
0x0000000006bc3000 	/System/Library/PrivateFrameworks/Ubiquity.framework/Versions/A/Ubiquity
0x0000000006bc3000 	/System/Library/Frameworks/ServiceManagement.framework/Versions/A/ServiceManagement
0x0000000006bc3000 	/System/Library/PrivateFrameworks/ChunkingLibrary.framework/Versions/A/ChunkingLibrary
0x0000000006bc3000 	/System/Library/Frameworks/vecLib.framework/Versions/A/vecLib
0x0000000006bc3000 	/System/Library/Frameworks/SecurityFoundation.framework/Versions/A/SecurityFoundation
0x0000000006bc3000 	/System/Library/PrivateFrameworks/CommerceKit.framework/Versions/A/Frameworks/CommerceCore.framework/Versions/A/CommerceCore
0x0000000006bc3000 	/System/Library/PrivateFrameworks/CoreSymbolication.framework/Versions/A/CoreSymbolication
0x0000000006bc3000 	/System/Library/PrivateFrameworks/Symbolication.framework/Versions/A/Symbolication
0x0000000006bc3000 	/System/Library/PrivateFrameworks/DebugSymbols.framework/Versions/A/DebugSymbols
0x000000010a755000 	/Library/Java/JavaVirtualMachines/jdk1.7.0_13.jdk/Contents/Home/jre/lib/server/libjvm.dylib
0x000000010b1fc000 	/Library/Java/JavaVirtualMachines/jdk1.7.0_13.jdk/Contents/Home/jre/lib/libverify.dylib
0x000000010b209000 	/Library/Java/JavaVirtualMachines/jdk1.7.0_13.jdk/Contents/Home/jre/lib/libjava.dylib
0x000000010b23a000 	/Library/Java/JavaVirtualMachines/jdk1.7.0_13.jdk/Contents/Home/jre/lib/libjdwp.dylib
0x000000010b277000 	/Library/Java/JavaVirtualMachines/jdk1.7.0_13.jdk/Contents/Home/jre/lib/./libnpt.dylib
0x000000010b27b000 	/Library/Java/JavaVirtualMachines/jdk1.7.0_13.jdk/Contents/Home/jre/lib/libinstrument.dylib
0x000000010b358000 	/Library/Java/JavaVirtualMachines/jdk1.7.0_13.jdk/Contents/Home/jre/lib/libzip.dylib
0x000000011a396000 	/System/Library/Frameworks/JavaVM.framework/Frameworks/JavaRuntimeSupport.framework/JavaRuntimeSupport
0x000000011a3ae000 	/System/Library/Frameworks/JavaVM.framework/Versions/A/Frameworks/JavaNativeFoundation.framework/Versions/A/JavaNativeFoundation
0x000000011a3c3000 	/System/Library/Frameworks/JavaVM.framework/Versions/A/JavaVM
0x0000000006bc3000 	/System/Library/Frameworks/Carbon.framework/Versions/A/Carbon
0x000000011a3d0000 	/System/Library/PrivateFrameworks/JavaLaunching.framework/Versions/A/JavaLaunching
0x0000000006bc3000 	/System/Library/Frameworks/Carbon.framework/Versions/A/Frameworks/CommonPanels.framework/Versions/A/CommonPanels
0x0000000006bc3000 	/System/Library/Frameworks/Carbon.framework/Versions/A/Frameworks/Help.framework/Versions/A/Help
0x0000000006bc3000 	/System/Library/Frameworks/Carbon.framework/Versions/A/Frameworks/ImageCapture.framework/Versions/A/ImageCapture
0x0000000006bc3000 	/System/Library/Frameworks/Carbon.framework/Versions/A/Frameworks/OpenScripting.framework/Versions/A/OpenScripting
0x0000000006bc3000 	/System/Library/Frameworks/Carbon.framework/Versions/A/Frameworks/Print.framework/Versions/A/Print
0x0000000006bc3000 	/System/Library/Frameworks/Carbon.framework/Versions/A/Frameworks/SecurityHI.framework/Versions/A/SecurityHI
0x000000011a66a000 	/Library/Java/JavaVirtualMachines/jdk1.7.0_13.jdk/Contents/Home/jre/lib/libdt_socket.dylib
0x000000011b4f4000 	/Library/Java/JavaVirtualMachines/jdk1.7.0_13.jdk/Contents/Home/jre/lib/libnet.dylib
0x000000011b551000 	/Library/Java/JavaVirtualMachines/jdk1.7.0_13.jdk/Contents/Home/jre/lib/libawt.dylib
0x000000011b600000 	/Library/Java/JavaVirtualMachines/jdk1.7.0_13.jdk/Contents/Home/jre/lib/./libmlib_image.dylib
0x000000011b6cc000 	/Library/Java/JavaVirtualMachines/jdk1.7.0_13.jdk/Contents/Home/jre/lib/lwawt/liblwawt.dylib
0x000000011b77e000 	/Library/Java/JavaVirtualMachines/jdk1.7.0_13.jdk/Contents/Home/jre/lib/libosxapp.dylib
0x000000011b79a000 	/System/Library/Frameworks/ExceptionHandling.framework/Versions/A/ExceptionHandling
0x0000000006bc3000 	/System/Library/PrivateFrameworks/CoreServicesInternal.framework/Versions/A/CoreServicesInternal
0x0000000006bc3000 	/System/Library/PrivateFrameworks/Librarian.framework/Versions/A/Librarian
0x000000011cc34000 	/System/Library/Frameworks/OpenGL.framework/Resources/GLEngine.bundle/GLEngine
0x000000011d368000 	/System/Library/Frameworks/OpenGL.framework/Versions/A/Libraries/libGLProgrammability.dylib
0x0000000000000000 	/System/Library/Extensions/GeForceGLDriver.bundle/Contents/MacOS/GeForceGLDriver
0x000000011ce29000 	/System/Library/PrivateFrameworks/GPUSupport.framework/Versions/A/Libraries/libGPUSupport.dylib
0x0000000006bc3000 	/System/Library/Extensions/GeForceGLDriver.bundle/Contents/MacOS/libclh.dylib
0x000000011ce3e000 	/System/Library/Frameworks/OpenGL.framework/Resources//GLRendererFloat.bundle/GLRendererFloat
0x000000011ce72000 	/System/Library/Frameworks/OpenCL.framework/Versions/A/Libraries/libcldcpuengine.dylib
0x0000000006bc3000 	/System/Library/PrivateFrameworks/DiskImages.framework/Versions/A/DiskImages
0x0000000006bc3000 	/System/Library/Frameworks/DiscRecording.framework/Versions/A/DiscRecording
0x0000000006bc3000 	/usr/lib/libcurl.4.dylib
0x0000000006bc3000 	/System/Library/PrivateFrameworks/MediaKit.framework/Versions/A/MediaKit
0x0000000006bc3000 	/usr/lib/libssl.0.9.8.dylib
0x0000000006bc3000 	/usr/lib/libcrypto.0.9.8.dylib
0x0000000006bc3000 	/System/Library/Frameworks/LDAP.framework/Versions/A/LDAP
0x0000000006bc3000 	/usr/lib/libsasl2.2.dylib
0x0000000006bc3000 	/System/Library/Frameworks/ApplicationServices.framework/Versions/A/Frameworks/CoreGraphics.framework/Versions/A/Resources/libCSync.A.dylib
0x0000000006bc3000 	/System/Library/Frameworks/ApplicationServices.framework/Versions/A/Frameworks/CoreGraphics.framework/Versions/A/Resources/libRIP.A.dylib
0x000000011dfca000 	/Library/Java/JavaVirtualMachines/jdk1.7.0_13.jdk/Contents/Home/jre/lib/libfontmanager.dylib
0x000000011ea09000 	/Library/Java/JavaVirtualMachines/jdk1.7.0_13.jdk/Contents/Home/jre/lib/libosx.dylib
0x000000011d57a000 	/Library/Java/JavaVirtualMachines/jdk1.7.0_13.jdk/Contents/Home/jre/lib/libnio.dylib

VM Arguments:
jvm_args: -agentlib:jdwp=transport=dt_socket,suspend=y,address=localhost:54930 -Ddatastore.default_high_rep_job_policy_unapplied_job_pct=50 -javaagent:/Users/billgates/Documents/workspace/appengine-java-sdk-1.7.5/lib/agent/appengine-agent.jar -Xmx512m -Xmx2048M -XX:MaxPermSize=2048m -Xbootclasspath/p:/Users/billgates/Documents/workspace/appengine-java-sdk-1.7.0/lib/override/appengine-dev-jdk-overrides.jar -Dfile.encoding=UTF-8 
java_command: com.google.gwt.dev.DevMode -remoteUI 54475:1364436550162097000 -startupUrl index.jsp -logLevel INFO -port 8888 -server com.google.appengine.tools.development.gwt.AppEngineLauncher -war /Users/billgates/Documents/workspace/www-flashcard-new/war -codeServerPort 9997 superflashcard.SuperFlashCard
Launcher Type: SUN_STANDARD

Environment Variables:
PATH=/usr/bin:/bin:/usr/sbin:/sbin
SHELL=/bin/bash

Signal Handlers:
SIGSEGV: [libjvm.dylib+0x4a361d], sa_mask[0]=0xfffefeff, sa_flags=0x00000042
SIGBUS: [libjvm.dylib+0x4a361d], sa_mask[0]=0xfffefeff, sa_flags=0x00000042
SIGFPE: [libjvm.dylib+0x3b302d], sa_mask[0]=0xfffefeff, sa_flags=0x00000042
SIGPIPE: [libjvm.dylib+0x3b302d], sa_mask[0]=0xfffefeff, sa_flags=0x00000042
SIGXFSZ: [libjvm.dylib+0x3b302d], sa_mask[0]=0xfffefeff, sa_flags=0x00000042
SIGILL: [libjvm.dylib+0x3b302d], sa_mask[0]=0xfffefeff, sa_flags=0x00000042
SIGUSR1: SIG_DFL, sa_mask[0]=0x00000000, sa_flags=0x00000002
SIGUSR2: [libjvm.dylib+0x3b2bc6], sa_mask[0]=0x00000004, sa_flags=0x00000042
SIGHUP: [libjvm.dylib+0x3b0e27], sa_mask[0]=0xfffefeff, sa_flags=0x00000042
SIGINT: [libjvm.dylib+0x3b0e27], sa_mask[0]=0xfffefeff, sa_flags=0x00000042
SIGTERM: [libjvm.dylib+0x3b0e27], sa_mask[0]=0xfffefeff, sa_flags=0x00000042
SIGQUIT: [libjvm.dylib+0x3b0e27], sa_mask[0]=0xfffefeff, sa_flags=0x00000042


---------------  S Y S T E M  ---------------

OS:Bsduname:Darwin 12.3.0 Darwin Kernel Version 12.3.0: Sun Jan  6 22:37:10 PST 2013; root:xnu-2050.22.13~1/RELEASE_X86_64 x86_64
rlimit: STACK 8192k, CORE 0k, NPROC 709, NOFILE 10240, AS infinity
load average:1.65 1.31 1.31

CPU:total 2 (2 cores per cpu, 1 threads per core) family 6 model 23 stepping 6, cmov, cx8, fxsr, mmx, sse, sse2, sse3, ssse3, sse4.1, tsc

Memory: 4k page, physical 5852312k(1463078k free)

/proc/meminfo:


vm_info: Java HotSpot(TM) 64-Bit Server VM (23.7-b01) for bsd-amd64 JRE (1.7.0_13-b20), built on Jan 30 2013 01:14:41 by "java_re" with gcc 4.2.1 (Based on Apple Inc. build 5658) (LLVM build 2336.9.00)

time: Thu Mar 28 09:42:49 2013
elapsed time: 2019 seconds

