#
# A fatal error has been detected by the Java Runtime Environment:
#
#  SIGSEGV (0xb) at pc=0x0000000109150d39, pid=30162, tid=16131
#
# JRE version: 7.0_13-b20
# Java VM: Java HotSpot(TM) 64-Bit Server VM (23.7-b01 mixed mode bsd-amd64 compressed oops)
# Problematic frame:
# V  [libjvm.dylib+0x2cbd39]
#
# Failed to write core dump. Core dumps have been disabled. To enable core dumping, try "ulimit -c unlimited" before starting Java again
#
# If you would like to submit a bug report, please visit:
#   http://bugreport.sun.com/bugreport/crash.jsp
#

---------------  T H R E A D  ---------------

Current thread (0x00007fedb1077000):  JavaThread "JDWP Transport Listener: dt_socket" daemon [_thread_in_vm, id=16131, stack(0x0000000118f2a000,0x000000011902a000)]

siginfo:si_signo=SIGSEGV: si_errno=0, si_code=0 (SEGV0), si_addr=0x0000000000000000

Registers:
RAX=0x0000000109537560, RBX=0x0000000119029aeb, RCX=0x00000000008dc403, RDX=0x0000000119029aeb
RSP=0x0000000119029a50, RBP=0x0000000119029aa0, RSI=0x00007fedb1077000, RDI=0x00007fedb1803e70
R8 =0x0000000000000001, R9 =0x0000000005a79143, R10=0x0000000000000000, R11=0x0000000005a79143
R12=0x00007fedb1077000, R13=0x0000000708be06a8, R14=0x003bb303003ab3ca, R15=0x00007fedb1803e70
RIP=0x0000000109150d39, EFLAGS=0x0000000000010202, ERR=0x0000000000000000
  TRAPNO=0x000000000000000d

Top of Stack: (sp=0x0000000119029a50)
0x0000000119029a50:   00007fedb1077000 0000000000000000
0x0000000119029a60:   0000000000000000 0000000000000000
0x0000000119029a70:   00007fedb1077000 00007fedb1077000
0x0000000119029a80:   0000000119029aeb 0000000119029af0
0x0000000119029a90:   0000000708be06a8 0000000000000004
0x0000000119029aa0:   0000000119029ac0 000000010998a280
0x0000000119029ab0:   0000000000000001 0000000119029b68
0x0000000119029ac0:   0000000119029b30 000000010996f15b
0x0000000119029ad0:   0000000119029b00 00007fedb7d42950
0x0000000119029ae0:   0000000600000032 0000000100029b68
0x0000000119029af0:   0000000000000000 0000000000000000
0x0000000119029b00:   0000000000000000 0000000119029cf0
0x0000000119029b10:   0000000109991da4 00007fedb7efae70
0x0000000119029b20:   0000000119029b68 000000010999d568
0x0000000119029b30:   0000000119029b40 000000010996f254
0x0000000119029b40:   0000000119029d60 000000010997875e
0x0000000119029b50:   00008e6b00000013 00000000000f0200
0x0000000119029b60:   00007fedb7ef9250 00007fedb7de9596
0x0000000119029b70:   00007fed00000252 00007fedb7d429b0
0x0000000119029b80:   00007fed0000012c 0000000119029bb8
0x0000000119029b90:   00007fedb7d429b0 00007f0000000000
0x0000000119029ba0:   00008e6b00000045 00007fff0000e180
0x0000000119029bb0:   0000000119029bb8 ed7f000006000000
0x0000000119029bc0:   0600000020a0d9b4 00003e74696e693c
0x0000000119029bd0:   657075734c283e00 61636873616c6672
0x0000000119029be0:   6e65696c632f6472 672f776569762f74
0x0000000119029bf0:   685348422f656d61 74636e7546657261
0x0000000119029c00:   6c656e61506e6f69 56293b4550595424
0x0000000119029c10:   0100000000000000 48a0d9b4ed7f0000
0x0000000119029c20:   5464646112000000 4864726143794d6f
0x0000000119029c30:   000072656c646e61 6d6f634c29283000
0x0000000119029c40:   2f656c676f6f672f 6e6576652f747767 

Instructions: (pc=0x0000000109150d39)
0x0000000109150d19:   49 39 c6 74 e7 4d 85 f6 74 e2 48 8d 05 66 1c 46
0x0000000109150d29:   00 80 38 00 74 16 48 8d 05 2a 68 3e 00 8a 48 08
0x0000000109150d39:   41 8b 7e 08 48 d3 e7 48 03 38 eb 04 49 8b 7e 08
0x0000000109150d49:   48 8b 47 10 48 83 c7 10 ff 90 20 01 00 00 84 c0 

Register to memory mapping:

RAX=0x0000000109537560: _ZN8Universe11_narrow_oopE+0 in /Library/Java/JavaVirtualMachines/jdk1.7.0_13.jdk/Contents/Home/jre/lib/server/libjvm.dylib at 0x0000000108e85000
RBX=0x0000000119029aeb is pointing into the stack for thread: 0x00007fedb1077000
RCX=0x00000000008dc403 is an unknown value
RDX=0x0000000119029aeb is pointing into the stack for thread: 0x00007fedb1077000
RSP=0x0000000119029a50 is pointing into the stack for thread: 0x00007fedb1077000
RBP=0x0000000119029aa0 is pointing into the stack for thread: 0x00007fedb1077000
RSI=0x00007fedb1077000 is a thread
RDI=0x00007fedb1803e70 is an unknown value
R8 =0x0000000000000001 is an unknown value
R9 =0x0000000005a79143 is an unknown value
R10=0x0000000000000000 is an unknown value
R11=0x0000000005a79143 is an unknown value
R12=0x00007fedb1077000 is a thread
R13=0x0000000708be06a8 is an oop
{constMethod} 
 - klass: {other class}
 - method:       0x0000000708be06f0 {method} 'finishSaving' '()V' in 'superflashcard/client/view/cardset/CardsetSave'
 - exceptions:   0x0000000700001d50
bci_from(0x708be06a8) = 0; print_codes():
R14=0x003bb303003ab3ca is an unknown value
R15=0x00007fedb1803e70 is an unknown value


Stack: [0x0000000118f2a000,0x000000011902a000],  sp=0x0000000119029a50,  free space=1022k
Native frames: (J=compiled Java code, j=interpreted, Vv=VM code, C=native code)
V  [libjvm.dylib+0x2cbd39]
C  [libjdwp.dylib+0x20280]  isMethodSynthetic+0x63
C  [libjdwp.dylib+0x515b]  methods1+0x10b
C  [libjdwp.dylib+0x5254]  methodsWithGeneric+0xe
C  [libjdwp.dylib+0xe75e]  debugLoop_run+0x1ce
C  [libjdwp.dylib+0x1f1ba]  attachThread+0x4d
V  [libjvm.dylib+0x30b676]
V  [libjvm.dylib+0x478294]
V  [libjvm.dylib+0x47977a]
V  [libjvm.dylib+0x3b5191]
C  [libsystem_c.dylib+0x147a2]  _pthread_start+0x147
C  [libsystem_c.dylib+0x11e1]  thread_start+0xd


---------------  P R O C E S S  ---------------

Java Threads: ( => current thread )
  0x00007fedbcac4800 JavaThread "Code server for superflashcard from Mozilla/5.0 (Macintosh; Intel Mac OS X 10.8; rv:19.0) Gecko/20100101 Firefox/19.0 on http://127.0.0.1:8888/index.jsp?gwt.codesvr=127.0.0.1:9997/#!game/3349/cardbox/english-vietnamese/colors-&-patterns-flashcards/ @ }~Jyg>lJ&`gps??a" daemon [_thread_in_native, id=108035, stack(0x00000001202d2000,0x00000001203d2000)]
  0x00007fedbc95f800 JavaThread "1217036253@qtp-2099017108-50" [_thread_blocked, id=107783, stack(0x000000011ead8000,0x000000011ebd8000)]
  0x00007fedbd2a3000 JavaThread "pool-2-thread-55" daemon [_thread_blocked, id=107523, stack(0x00000001201cf000,0x00000001202cf000)]
  0x00007fedb15f0800 JavaThread "pool-2-thread-54" daemon [_thread_blocked, id=107271, stack(0x000000011ccfa000,0x000000011cdfa000)]
  0x00007fedbcb1d000 JavaThread "Code server for superflashcard from Mozilla/5.0 (Macintosh; Intel Mac OS X 10.8; rv:19.0) Gecko/20100101 Firefox/19.0 on http://127.0.0.1:8888/index.jsp?gwt.codesvr=127.0.0.1:9997/#!game/3349/cardbox/english-vietnamese/colors-&-patterns-flashcards/ @ 32@YL]\}LwfJ&t+U" daemon [_thread_in_native, id=104963, stack(0x000000011ffc9000,0x00000001200c9000)]
  0x00007fedbd279800 JavaThread "895179149@qtp-2099017108-49" [_thread_blocked, id=104707, stack(0x000000011fcb8000,0x000000011fdb8000)]
  0x00007fedbd000000 JavaThread "1437590318@qtp-2099017108-48" [_thread_blocked, id=104451, stack(0x000000011ecde000,0x000000011edde000)]
  0x00007fedbcacb000 JavaThread "1521682923@qtp-2099017108-46" [_thread_blocked, id=103939, stack(0x000000011e472000,0x000000011e572000)]
  0x00007fedbd003000 JavaThread "171627192@qtp-2099017108-45" [_thread_blocked, id=103707, stack(0x000000011dc16000,0x000000011dd16000)]
  0x00007fedbd400000 JavaThread "Code server for superflashcard from Mozilla/5.0 (Macintosh; Intel Mac OS X 10.8; rv:19.0) Gecko/20100101 Firefox/19.0 on http://127.0.0.1:8888/index.jsp?gwt.codesvr=127.0.0.1:9997/#!game/3349/study/english-vietnamese/colors-&-patterns-flashcards/ @ "GYW;JsM@BYPi~&_" daemon [_thread_in_native, id=100355, stack(0x000000011fdbb000,0x000000011febb000)]
  0x00007fedbd270800 JavaThread "Code server for superflashcard from Mozilla/5.0 (Macintosh; Intel Mac OS X 10.8; rv:19.0) Gecko/20100101 Firefox/19.0 on http://127.0.0.1:8888/index.jsp?gwt.codesvr=127.0.0.1:9997/#!game/3349/study/english-vietnamese/colors-&-patterns-flashcards/ @ nTN(1hQw`TY!83Y2" daemon [_thread_in_native, id=96787, stack(0x00000001200cc000,0x00000001201cc000)]
  0x00007fedbd5d8800 JavaThread "398818174@qtp-2099017108-42" [_thread_blocked, id=97031, stack(0x000000011da10000,0x000000011db10000)]
  0x00007fedbd758800 JavaThread "Code server for superflashcard from Mozilla/5.0 (Macintosh; Intel Mac OS X 10.8; rv:19.0) Gecko/20100101 Firefox/19.0 on http://127.0.0.1:8888/index.jsp?gwt.codesvr=127.0.0.1:9997/#!game/3349/cardbox/english-vietnamese/colors-&-patterns-flashcards/ @ ~D|I+I]{2X-lN!M\" daemon [_thread_in_native, id=93699, stack(0x000000011fec6000,0x000000011ffc6000)]
  0x00007fedbca38800 JavaThread "Code server for superflashcard from Mozilla/5.0 (Macintosh; Intel Mac OS X 10.8; rv:19.0) Gecko/20100101 Firefox/19.0 on http://127.0.0.1:8888/index.jsp?gwt.codesvr=127.0.0.1:9997/#!game/3349/matching/english-vietnamese/colors-&-patterns-flashcards/ @ [C,LBR@nmox26!9o" daemon [_thread_in_native, id=89347, stack(0x000000011ede1000,0x000000011eee1000)]
  0x00007fedbc8d0000 JavaThread "Code server for superflashcard from Mozilla/5.0 (Macintosh; Intel Mac OS X 10.8; rv:19.0) Gecko/20100101 Firefox/19.0 on http://127.0.0.1:8888/index.jsp?gwt.codesvr=127.0.0.1:9997/#!game/3349/study/english-vietnamese/colors-&-patterns-flashcards/ @ -XY3-eHjHO7Fg6=s" daemon [_thread_in_native, id=84227, stack(0x000000011fbb5000,0x000000011fcb5000)]
  0x00007fedbd6b8800 JavaThread "Code server for superflashcard from Mozilla/5.0 (Macintosh; Intel Mac OS X 10.8; rv:19.0) Gecko/20100101 Firefox/19.0 on http://127.0.0.1:8888/index.jsp?gwt.codesvr=127.0.0.1:9997/#!game/3349/cardlist/english-vietnamese/colors-&-patterns-flashcards/ @ '3nNE>|avrU\*_g4" daemon [_thread_in_native, id=80139, stack(0x000000011ebdb000,0x000000011ecdb000)]
  0x00007fedb1351800 JavaThread "Code server for superflashcard from Mozilla/5.0 (Macintosh; Intel Mac OS X 10.8; rv:19.0) Gecko/20100101 Firefox/19.0 on http://127.0.0.1:8888/index.jsp?gwt.codesvr=127.0.0.1:9997 @ T9!.Hei(pi7I?:v|" daemon [_thread_in_native, id=73991, stack(0x000000011e6cf000,0x000000011e7cf000)]
  0x00007fedbc967000 JavaThread "Code server for superflashcard from Mozilla/5.0 (Macintosh; Intel Mac OS X 10.8; rv:19.0) Gecko/20100101 Firefox/19.0 on http://127.0.0.1:8888/index.jsp?gwt.codesvr=127.0.0.1:9997#!game/249/study/uncategorized-english-vietnamese-colors-&-patterns-flashcards/ @ 8{dTW1K!>*N!Tv}9" daemon [_thread_in_native, id=70147, stack(0x000000011e7d2000,0x000000011e8d2000)]
  0x00007fedbd10a800 JavaThread "Code server for superflashcard from Mozilla/5.0 (Macintosh; Intel Mac OS X 10.8; rv:19.0) Gecko/20100101 Firefox/19.0 on http://127.0.0.1:8888/index.jsp?gwt.codesvr=127.0.0.1:9997 @ mgM1|O%yCJxU$sxf" daemon [_thread_in_native, id=64007, stack(0x000000011ddf5000,0x000000011def5000)]
  0x00007fedbd351000 JavaThread "Code server for superflashcard from Mozilla/5.0 (Macintosh; Intel Mac OS X 10.8; rv:19.0) Gecko/20100101 Firefox/19.0 on http://127.0.0.1:8888/index.jsp?gwt.codesvr=127.0.0.1:9997 @ uj[VOx+Y=G-g!5!S" daemon [_thread_in_native, id=56331, stack(0x000000011cf85000,0x000000011d085000)]
  0x00007fedbd217800 JavaThread "Code server for superflashcard from Mozilla/5.0 (Macintosh; Intel Mac OS X 10.8; rv:19.0) Gecko/20100101 Firefox/19.0 on http://127.0.0.1:8888/index.jsp?gwt.codesvr=127.0.0.1:9997 @ u0s^evyI\S7t)Y:]" daemon [_thread_in_native, id=49667, stack(0x000000011d482000,0x000000011d582000)]
  0x00007fedbcc91000 JavaThread "DefaultQuartzScheduler_QuartzSchedulerThread" [_thread_blocked, id=47619, stack(0x000000011f9df000,0x000000011fadf000)]
  0x00007fedb14ae000 JavaThread "DefaultQuartzScheduler_Worker-9" [_thread_blocked, id=47363, stack(0x000000011f8dc000,0x000000011f9dc000)]
  0x00007fedb14ad000 JavaThread "DefaultQuartzScheduler_Worker-8" [_thread_blocked, id=47107, stack(0x000000011f7d9000,0x000000011f8d9000)]
  0x00007fedb14ac800 JavaThread "DefaultQuartzScheduler_Worker-7" [_thread_blocked, id=46851, stack(0x000000011f6d6000,0x000000011f7d6000)]
  0x00007fedb135c800 JavaThread "DefaultQuartzScheduler_Worker-6" [_thread_blocked, id=46595, stack(0x000000011f5d3000,0x000000011f6d3000)]
  0x00007fedb135b800 JavaThread "DefaultQuartzScheduler_Worker-5" [_thread_blocked, id=46339, stack(0x000000011f4d0000,0x000000011f5d0000)]
  0x00007fedb1627800 JavaThread "DefaultQuartzScheduler_Worker-4" [_thread_blocked, id=46083, stack(0x000000011f3cd000,0x000000011f4cd000)]
  0x00007fedb1626800 JavaThread "DefaultQuartzScheduler_Worker-3" [_thread_blocked, id=45827, stack(0x000000011f2ca000,0x000000011f3ca000)]
  0x00007fedb17ec000 JavaThread "DefaultQuartzScheduler_Worker-2" [_thread_blocked, id=45571, stack(0x000000011f1c7000,0x000000011f2c7000)]
  0x00007fedb17eb000 JavaThread "DefaultQuartzScheduler_Worker-1" [_thread_blocked, id=45315, stack(0x000000011f0c4000,0x000000011f1c4000)]
  0x00007fedb17f0000 JavaThread "DefaultQuartzScheduler_Worker-0" [_thread_blocked, id=45059, stack(0x000000011efc1000,0x000000011f0c1000)]
  0x00007fedbce4f800 JavaThread "Code server for superflashcard from Mozilla/5.0 (Macintosh; Intel Mac OS X 10.8; rv:19.0) Gecko/20100101 Firefox/19.0 on http://127.0.0.1:8888/index.jsp?gwt.codesvr=127.0.0.1:9997/#!game/3349/study/english-vietnamese/colors-&-patterns-flashcards/ @ 7ptxvY_BK[EC/6C[" daemon [_thread_in_native, id=41987, stack(0x000000011e36f000,0x000000011e46f000)]
  0x00007fedb1743800 JavaThread "Code server for superflashcard from Mozilla/5.0 (Macintosh; Intel Mac OS X 10.8; rv:19.0) Gecko/20100101 Firefox/19.0 on http://127.0.0.1:8888/index.jsp?gwt.codesvr=127.0.0.1:9997/#!game/3349/study/english-vietnamese/colors-&-patterns-flashcards/ @ IAe2]f}zu7<%qX5c" daemon [_thread_in_native, id=37891, stack(0x000000011e26c000,0x000000011e36c000)]
  0x00007fedbd2dc000 JavaThread "Code server for superflashcard from Mozilla/5.0 (Macintosh; Intel Mac OS X 10.8; rv:19.0) Gecko/20100101 Firefox/19.0 on http://127.0.0.1:8888/index.jsp?gwt.codesvr=127.0.0.1:9997/#!game/3349/study/english-vietnamese/colors-&-patterns-flashcards/ @ /]xwKc%PIj'vq]5[" daemon [_thread_in_native, id=34055, stack(0x000000011e9d5000,0x000000011ead5000)]
  0x00007fedbcc75800 JavaThread "Thread-33" daemon [_thread_blocked, id=33283, stack(0x000000011e0e8000,0x000000011e1e8000)]
  0x00007fedbcada000 JavaThread "Thread-32" daemon [_thread_blocked, id=33027, stack(0x000000011dfe5000,0x000000011e0e5000)]
  0x00007fedb5ce2000 JavaThread "Code server for superflashcard from Mozilla/5.0 (Macintosh; Intel Mac OS X 10.8; rv:19.0) Gecko/20100101 Firefox/19.0 on http://127.0.0.1:8888/index.jsp?gwt.codesvr=127.0.0.1:9997/#!game/3349/study/english-vietnamese/colors-&-patterns-flashcards/ @ -.wVh@xbNR@[d&-!" daemon [_thread_in_native, id=29955, stack(0x000000011e5cc000,0x000000011e6cc000)]
  0x00007fedb54e4000 JavaThread "Timer-2" daemon [_thread_blocked, id=11831, stack(0x000000011d5fc000,0x000000011d6fc000)]
  0x00007fedb3ba7800 JavaThread "Timer-1" daemon [_thread_blocked, id=14343, stack(0x000000011d90d000,0x000000011da0d000)]
  0x00007fedb221d800 JavaThread "121163910@qtp-2099017108-1 - Acceptor0 SelectChannelConnector@0.0.0.0:8888" [_thread_in_native, id=15119, stack(0x000000011d747000,0x000000011d847000)]
  0x00007fedb1749800 JavaThread "Timer-0" daemon [_thread_blocked, id=28675, stack(0x000000011d375000,0x000000011d475000)]
  0x00007fedb21f3800 JavaThread "Code server listener" daemon [_thread_in_native, id=28419, stack(0x000000011d260000,0x000000011d360000)]
  0x00007fedb1480800 JavaThread "pool-1-thread-1" [_thread_blocked, id=27907, stack(0x000000011cbd3000,0x000000011ccd3000)]
  0x00007fedb21e7800 JavaThread "Thread-2" daemon [_thread_blocked, id=27395, stack(0x000000011c950000,0x000000011ca50000)]
  0x00007fedb21e0800 JavaThread "Thread-1" [_thread_in_native, id=26375, stack(0x000000011c84d000,0x000000011c94d000)]
  0x00007fedb1413800 JavaThread "Java2D Disposer" daemon [_thread_blocked, id=25603, stack(0x000000011c23c000,0x000000011c33c000)]
  0x00007fedb125a800 JavaThread "Java2D Queue Flusher" daemon [_thread_blocked, id=22283, stack(0x000000011b3eb000,0x000000011b4eb000)]
  0x00007fedb11b4000 JavaThread "AWT-Shutdown" [_thread_blocked, id=17927, stack(0x000000011a05b000,0x000000011a15b000)]
  0x00007fedb11a4000 JavaThread "Service Thread" daemon [_thread_blocked, id=17411, stack(0x0000000119b1c000,0x0000000119c1c000)]
  0x00007fedb11a3000 JavaThread "C2 CompilerThread1" daemon [_thread_blocked, id=17155, stack(0x0000000119a19000,0x0000000119b19000)]
  0x00007fedb11a8000 JavaThread "C2 CompilerThread0" daemon [_thread_blocked, id=16899, stack(0x0000000119916000,0x0000000119a16000)]
  0x00007fedb1078000 JavaThread "JDWP Command Reader" daemon [_thread_in_native, id=16643, stack(0x0000000119130000,0x0000000119230000)]
  0x00007fedb202f000 JavaThread "JDWP Event Helper Thread" daemon [_thread_blocked, id=16387, stack(0x000000011902d000,0x000000011912d000)]
=>0x00007fedb1077000 JavaThread "JDWP Transport Listener: dt_socket" daemon [_thread_in_vm, id=16131, stack(0x0000000118f2a000,0x000000011902a000)]
  0x00007fedb1055000 JavaThread "Signal Dispatcher" daemon [_thread_blocked, id=15875, stack(0x0000000118e21000,0x0000000118f21000)]
  0x00007fedb1042000 JavaThread "Finalizer" daemon [_thread_blocked, id=10755, stack(0x00000001189c4000,0x0000000118ac4000)]
  0x00007fedb1041800 JavaThread "Reference Handler" daemon [_thread_blocked, id=10499, stack(0x00000001188c1000,0x00000001189c1000)]
  0x00007fedb100c000 JavaThread "main" [_thread_blocked, id=1799, stack(0x00007fff566a5000,0x00007fff56ea5000)]

Other Threads:
  0x00007fedb103e800 VMThread [stack: 0x00000001187be000,0x00000001188be000] [id=10243]
  0x00007fedb2030000 WatcherThread [stack: 0x0000000119c1f000,0x0000000119d1f000] [id=17667]

VM state:not at safepoint (normal execution)

VM Mutex/Monitor currently owned by a thread: None

Heap
 PSYoungGen      total 521536K, used 221114K [0x00000007d5560000, 0x0000000800000000, 0x0000000800000000)
  eden space 353024K, 22% used [0x00000007d5560000,0x00000007da492e98,0x00000007eae20000)
  from space 168512K, 83% used [0x00000007f5b70000,0x00000007fe42b9a8,0x0000000800000000)
  to   space 172992K, 0% used [0x00000007eae20000,0x00000007eae20000,0x00000007f5710000)
 ParOldGen       total 383808K, used 306434K [0x0000000780000000, 0x00000007976d0000, 0x00000007d5560000)
  object space 383808K, 79% used [0x0000000780000000,0x0000000792b409f8,0x00000007976d0000)
 PSPermGen       total 215744K, used 174209K [0x0000000700000000, 0x000000070d2b0000, 0x0000000780000000)
  object space 215744K, 80% used [0x0000000700000000,0x000000070aa20488,0x000000070d2b0000)

Card table byte_map: [0x000000010cb51000,0x000000010d352000] byte_map_base: 0x0000000109351000

Polling page: 0x0000000109969000

Code Cache  [0x0000000109a91000, 0x000000010a6a1000, 0x000000010ca91000)
 total_blobs=3126 nmethods=2562 adapters=522 free_code_cache=37024Kb largest_free_block=37723072

Compilation events (10 events):
Event: 3326.368 Thread 0x00007fedb11a3000 2808   !         com.google.gwt.dev.js.rhino.TokenStream::getTokenHelper (2534 bytes)
Event: 3326.384 Thread 0x00007fedb11a8000 2809             com.google.gwt.dev.js.rhino.TokenStream::getToken (13 bytes)
Event: 3326.386 Thread 0x00007fedb11a8000 nmethod 2809 0x000000010a5e3f90 code [0x000000010a5e40e0, 0x000000010a5e4198]
Event: 3326.393 Thread 0x00007fedb11a8000 2810             com.google.gwt.dev.js.rhino.TokenStream::matchToken (29 bytes)
Event: 3326.395 Thread 0x00007fedb11a8000 nmethod 2810 0x000000010a65bf50 code [0x000000010a65c0a0, 0x000000010a65c178]
Event: 3326.446 Thread 0x00007fedb11a8000 2811             com.google.gwt.dev.js.rhino.LineBuffer::read (183 bytes)
Event: 3326.450 Thread 0x00007fedb11a8000 nmethod 2811 0x000000010a53f4d0 code [0x000000010a53f640, 0x000000010a53f858]
Event: 3326.473 Thread 0x00007fedb11a8000 2812             com.google.gwt.dev.js.rhino.TokenStream::addToString (60 bytes)
Event: 3326.477 Thread 0x00007fedb11a8000 nmethod 2812 0x000000010a67a550 code [0x000000010a67a6a0, 0x000000010a67a9f8]
Event: 3326.582 Thread 0x00007fedb11a3000 nmethod 2808 0x000000010a550350 code [0x000000010a5512c0, 0x000000010a555ea0]

GC Heap History (10 events):
Event: 2867.268 GC heap before
{Heap before GC invocations=62 (full 4):
 PSYoungGen      total 489344K, used 447462K [0x00000007d5560000, 0x00000007fdc40000, 0x0000000800000000)
  eden space 330368K, 100% used [0x00000007d5560000,0x00000007e9800000,0x00000007e9800000)
  from space 158976K, 73% used [0x00000007e9800000,0x00000007f0a59a38,0x00000007f3340000)
  to   space 158592K, 0% used [0x00000007f4160000,0x00000007f4160000,0x00000007fdc40000)
 ParOldGen       total 383808K, used 272088K [0x0000000780000000, 0x00000007976d0000, 0x00000007d5560000)
  object space 383808K, 70% used [0x0000000780000000,0x00000007909b6180,0x00000007976d0000)
 PSPermGen       total 215744K, used 154707K [0x0000000700000000, 0x000000070d2b0000, 0x0000000780000000)
  object space 215744K, 71% used [0x0000000700000000,0x0000000709714c08,0x000000070d2b0000)
Event: 2867.653 GC heap after
Heap after GC invocations=62 (full 4):
 PSYoungGen      total 498048K, used 117542K [0x00000007d5560000, 0x00000007fd8e0000, 0x0000000800000000)
  eden space 342912K, 0% used [0x00000007d5560000,0x00000007d5560000,0x00000007ea440000)
  from space 155136K, 75% used [0x00000007f4160000,0x00000007fb429a10,0x00000007fd8e0000)
  to   space 158016K, 0% used [0x00000007ea440000,0x00000007ea440000,0x00000007f3e90000)
 ParOldGen       total 383808K, used 274614K [0x0000000780000000, 0x00000007976d0000, 0x00000007d5560000)
  object space 383808K, 71% used [0x0000000780000000,0x0000000790c2dba0,0x00000007976d0000)
 PSPermGen       total 215744K, used 154707K [0x0000000700000000, 0x000000070d2b0000, 0x0000000780000000)
  object space 215744K, 71% used [0x0000000700000000,0x0000000709714c08,0x000000070d2b0000)
}
Event: 2880.524 GC heap before
{Heap before GC invocations=63 (full 4):
 PSYoungGen      total 498048K, used 460454K [0x00000007d5560000, 0x00000007fd8e0000, 0x0000000800000000)
  eden space 342912K, 100% used [0x00000007d5560000,0x00000007ea440000,0x00000007ea440000)
  from space 155136K, 75% used [0x00000007f4160000,0x00000007fb429a10,0x00000007fd8e0000)
  to   space 158016K, 0% used [0x00000007ea440000,0x00000007ea440000,0x00000007f3e90000)
 ParOldGen       total 383808K, used 274614K [0x0000000780000000, 0x00000007976d0000, 0x00000007d5560000)
  object space 383808K, 71% used [0x0000000780000000,0x0000000790c2dba0,0x00000007976d0000)
 PSPermGen       total 215744K, used 160109K [0x0000000700000000, 0x000000070d2b0000, 0x0000000780000000)
  object space 215744K, 74% used [0x0000000700000000,0x0000000709c5b490,0x000000070d2b0000)
Event: 2881.237 GC heap after
Heap after GC invocations=63 (full 4):
 PSYoungGen      total 500928K, used 134152K [0x00000007d5560000, 0x00000007ff8c0000, 0x0000000800000000)
  eden space 342912K, 0% used [0x00000007d5560000,0x00000007d5560000,0x00000007ea440000)
  from space 158016K, 84% used [0x00000007ea440000,0x00000007f27422b8,0x00000007f3e90000)
  to   space 163328K, 0% used [0x00000007f5940000,0x00000007f5940000,0x00000007ff8c0000)
 ParOldGen       total 383808K, used 275442K [0x0000000780000000, 0x00000007976d0000, 0x00000007d5560000)
  object space 383808K, 71% used [0x0000000780000000,0x0000000790cfc940,0x00000007976d0000)
 PSPermGen       total 215744K, used 160109K [0x0000000700000000, 0x000000070d2b0000, 0x0000000780000000)
  object space 215744K, 74% used [0x0000000700000000,0x0000000709c5b490,0x000000070d2b0000)
}
Event: 3270.402 GC heap before
{Heap before GC invocations=64 (full 4):
 PSYoungGen      total 500928K, used 477064K [0x00000007d5560000, 0x00000007ff8c0000, 0x0000000800000000)
  eden space 342912K, 100% used [0x00000007d5560000,0x00000007ea440000,0x00000007ea440000)
  from space 158016K, 84% used [0x00000007ea440000,0x00000007f27422b8,0x00000007f3e90000)
  to   space 163328K, 0% used [0x00000007f5940000,0x00000007f5940000,0x00000007ff8c0000)
 ParOldGen       total 383808K, used 275442K [0x0000000780000000, 0x00000007976d0000, 0x00000007d5560000)
  object space 383808K, 71% used [0x0000000780000000,0x0000000790cfc940,0x00000007976d0000)
 PSPermGen       total 215744K, used 163359K [0x0000000700000000, 0x000000070d2b0000, 0x0000000780000000)
  object space 215744K, 75% used [0x0000000700000000,0x0000000709f87e30,0x000000070d2b0000)
Event: 3270.862 GC heap after
Heap after GC invocations=64 (full 4):
 PSYoungGen      total 520576K, used 123434K [0x00000007d5560000, 0x00000007ff500000, 0x0000000800000000)
  eden space 361088K, 0% used [0x00000007d5560000,0x00000007d5560000,0x00000007eb600000)
  from space 159488K, 77% used [0x00000007f5940000,0x00000007fd1ca838,0x00000007ff500000)
  to   space 163328K, 0% used [0x00000007eb600000,0x00000007eb600000,0x00000007f5580000)
 ParOldGen       total 383808K, used 289875K [0x0000000780000000, 0x00000007976d0000, 0x00000007d5560000)
  object space 383808K, 75% used [0x0000000780000000,0x0000000791b14fb0,0x00000007976d0000)
 PSPermGen       total 215744K, used 163359K [0x0000000700000000, 0x000000070d2b0000, 0x0000000780000000)
  object space 215744K, 75% used [0x0000000700000000,0x0000000709f87e30,0x000000070d2b0000)
}
Event: 3290.809 GC heap before
{Heap before GC invocations=65 (full 4):
 PSYoungGen      total 520576K, used 484522K [0x00000007d5560000, 0x00000007ff500000, 0x0000000800000000)
  eden space 361088K, 100% used [0x00000007d5560000,0x00000007eb600000,0x00000007eb600000)
  from space 159488K, 77% used [0x00000007f5940000,0x00000007fd1ca838,0x00000007ff500000)
  to   space 163328K, 0% used [0x00000007eb600000,0x00000007eb600000,0x00000007f5580000)
 ParOldGen       total 383808K, used 289875K [0x0000000780000000, 0x00000007976d0000, 0x00000007d5560000)
  object space 383808K, 75% used [0x0000000780000000,0x0000000791b14fb0,0x00000007976d0000)
 PSPermGen       total 215744K, used 168790K [0x0000000700000000, 0x000000070d2b0000, 0x0000000780000000)
  object space 215744K, 78% used [0x0000000700000000,0x000000070a4d59c8,0x000000070d2b0000)
Event: 3291.383 GC heap after
Heap after GC invocations=65 (full 4):
 PSYoungGen      total 524416K, used 138609K [0x00000007d5560000, 0x0000000800000000, 0x0000000800000000)
  eden space 361088K, 0% used [0x00000007d5560000,0x00000007d5560000,0x00000007eb600000)
  from space 163328K, 84% used [0x00000007eb600000,0x00000007f3d5c620,0x00000007f5580000)
  to   space 168512K, 0% used [0x00000007f5b70000,0x00000007f5b70000,0x0000000800000000)
 ParOldGen       total 383808K, used 291248K [0x0000000780000000, 0x00000007976d0000, 0x00000007d5560000)
  object space 383808K, 75% used [0x0000000780000000,0x0000000791c6c020,0x00000007976d0000)
 PSPermGen       total 215744K, used 168790K [0x0000000700000000, 0x000000070d2b0000, 0x0000000780000000)
  object space 215744K, 78% used [0x0000000700000000,0x000000070a4d59c8,0x000000070d2b0000)
}
Event: 3325.310 GC heap before
{Heap before GC invocations=66 (full 4):
 PSYoungGen      total 524416K, used 499697K [0x00000007d5560000, 0x0000000800000000, 0x0000000800000000)
  eden space 361088K, 100% used [0x00000007d5560000,0x00000007eb600000,0x00000007eb600000)
  from space 163328K, 84% used [0x00000007eb600000,0x00000007f3d5c620,0x00000007f5580000)
  to   space 168512K, 0% used [0x00000007f5b70000,0x00000007f5b70000,0x0000000800000000)
 ParOldGen       total 383808K, used 291248K [0x0000000780000000, 0x00000007976d0000, 0x00000007d5560000)
  object space 383808K, 75% used [0x0000000780000000,0x0000000791c6c020,0x00000007976d0000)
 PSPermGen       total 215744K, used 173363K [0x0000000700000000, 0x000000070d2b0000, 0x0000000780000000)
  object space 215744K, 80% used [0x0000000700000000,0x000000070a94cf00,0x000000070d2b0000)
Event: 3325.933 GC heap after
Heap after GC invocations=66 (full 4):
 PSYoungGen      total 521536K, used 140014K [0x00000007d5560000, 0x0000000800000000, 0x0000000800000000)
  eden space 353024K, 0% used [0x00000007d5560000,0x00000007d5560000,0x00000007eae20000)
  from space 168512K, 83% used [0x00000007f5b70000,0x00000007fe42b9a8,0x0000000800000000)
  to   space 172992K, 0% used [0x00000007eae20000,0x00000007eae20000,0x00000007f5710000)
 ParOldGen       total 383808K, used 306434K [0x0000000780000000, 0x00000007976d0000, 0x00000007d5560000)
  object space 383808K, 79% used [0x0000000780000000,0x0000000792b409f8,0x00000007976d0000)
 PSPermGen       total 215744K, used 173363K [0x0000000700000000, 0x000000070d2b0000, 0x0000000780000000)
  object space 215744K, 80% used [0x0000000700000000,0x000000070a94cf00,0x000000070d2b0000)
}

Deoptimization events (10 events):
Event: 3326.245 Thread 0x00007fedbcac4800 Uncommon trap -89 fr.pc 0x0000000109c30ccc
Event: 3326.246 Thread 0x00007fedbcac4800 Uncommon trap -89 fr.pc 0x0000000109c30ccc
Event: 3326.248 Thread 0x00007fedbcac4800 Uncommon trap -89 fr.pc 0x0000000109c30ccc
Event: 3326.249 Thread 0x00007fedbcac4800 Uncommon trap -89 fr.pc 0x0000000109c30ccc
Event: 3326.250 Thread 0x00007fedbcac4800 Uncommon trap -89 fr.pc 0x0000000109c30ccc
Event: 3326.251 Thread 0x00007fedbcac4800 Uncommon trap -89 fr.pc 0x0000000109c30ccc
Event: 3326.254 Thread 0x00007fedbcac4800 Uncommon trap -89 fr.pc 0x0000000109c30ccc
Event: 3327.083 Thread 0x00007fedbd003000 Uncommon trap -25 fr.pc 0x0000000109cac6ec
Event: 3327.084 Thread 0x00007fedbd2a3000 Uncommon trap -83 fr.pc 0x000000010a308b10
Event: 3327.136 Thread 0x00007fedbd003000 Uncommon trap -25 fr.pc 0x0000000109cac6ec

Internal exceptions (10 events):
Event: 3285.086 Thread 0x00007fedbd279800 Threw 0x00000007e72d6d78 at /HUDSON/workspace/jdk7u13-2-build-macosx-amd64-product/jdk7u13/hotspot/src/share/vm/interpreter/interpr
Event: 3285.089 Thread 0x00007fedbcacb000 Threw 0x00000007e5c576f8 at /HUDSON/workspace/jdk7u13-2-build-macosx-amd64-product/jdk7u13/hotspot/src/share/vm/interpreter/interpr
Event: 3285.109 Thread 0x00007fedb15f0800 Threw 0x00000007e5bbb418 at /HUDSON/workspace/jdk7u13-2-build-macosx-amd64-product/jdk7u13/hotspot/src/share/vm/prims/jvm.cpp:1166
Event: 3285.110 Thread 0x00007fedb15f0800 Threw 0x00000007e8e3ead8 at /HUDSON/workspace/jdk7u13-2-build-macosx-amd64-product/jdk7u13/hotspot/src/share/vm/prims/jvm.cpp:1166
Event: 3285.113 Thread 0x00007fedb15f0800 Threw 0x00000007e8e4f2d8 at /HUDSON/workspace/jdk7u13-2-build-macosx-amd64-product/jdk7u13/hotspot/src/share/vm/prims/jvm.cpp:1166
Event: 3285.115 Thread 0x00007fedb15f0800 Threw 0x00000007e8e5ad08 at /HUDSON/workspace/jdk7u13-2-build-macosx-amd64-product/jdk7u13/hotspot/src/share/vm/prims/jvm.cpp:1166
Event: 3313.917 Thread 0x00007fedbd279800 Threw 0x00000007d85079d0 at /HUDSON/workspace/jdk7u13-2-build-macosx-amd64-product/jdk7u13/hotspot/src/share/vm/runtime/reflection.
Event: 3325.245 Thread 0x00007fedbd003000 Threw 0x00000007d8c74bc8 at /HUDSON/workspace/jdk7u13-2-build-macosx-amd64-product/jdk7u13/hotspot/src/share/vm/interpreter/interpr
Event: 3327.083 Thread 0x00007fedbd003000 Threw 0x00000007d8517400 at /HUDSON/workspace/jdk7u13-2-build-macosx-amd64-product/jdk7u13/hotspot/src/share/vm/interpreter/interpr
Event: 3327.136 Thread 0x00007fedbd003000 Threw 0x00000007d872dd60 at /HUDSON/workspace/jdk7u13-2-build-macosx-amd64-product/jdk7u13/hotspot/src/share/vm/interpreter/interpr

Events (10 events):
Event: 3349.212 Executing VM operation: ChangeBreakpoints
Event: 3349.213 Executing VM operation: ChangeBreakpoints done
Event: 3349.216 Executing VM operation: ChangeBreakpoints
Event: 3349.216 Executing VM operation: ChangeBreakpoints done
Event: 3349.219 Executing VM operation: ChangeBreakpoints
Event: 3349.220 Executing VM operation: ChangeBreakpoints done
Event: 3349.222 Executing VM operation: ChangeBreakpoints
Event: 3349.223 Executing VM operation: ChangeBreakpoints done
Event: 3349.226 Executing VM operation: ChangeBreakpoints
Event: 3349.227 Executing VM operation: ChangeBreakpoints done


Dynamic libraries:
0x00000000017eb000 	/System/Library/Frameworks/Cocoa.framework/Versions/A/Cocoa
0x00000000017eb000 	/System/Library/Frameworks/Security.framework/Versions/A/Security
0x00000000017eb000 	/System/Library/Frameworks/ApplicationServices.framework/Versions/A/ApplicationServices
0x00000000017eb000 	/usr/lib/libz.1.dylib
0x00000000017eb000 	/usr/lib/libSystem.B.dylib
0x00000000017eb000 	/usr/lib/libobjc.A.dylib
0x00000000017eb000 	/System/Library/Frameworks/CoreFoundation.framework/Versions/A/CoreFoundation
0x00000000017eb000 	/System/Library/Frameworks/AppKit.framework/Versions/C/AppKit
0x00000000017eb000 	/System/Library/Frameworks/CoreData.framework/Versions/A/CoreData
0x00000000017eb000 	/System/Library/Frameworks/Foundation.framework/Versions/C/Foundation
0x00000000017eb000 	/System/Library/PrivateFrameworks/RemoteViewServices.framework/Versions/A/RemoteViewServices
0x00000000017eb000 	/System/Library/Frameworks/AudioToolbox.framework/Versions/A/AudioToolbox
0x00000000017eb000 	/System/Library/Frameworks/AudioUnit.framework/Versions/A/AudioUnit
0x00000000017eb000 	/System/Library/PrivateFrameworks/DataDetectorsCore.framework/Versions/A/DataDetectorsCore
0x00000000017eb000 	/System/Library/PrivateFrameworks/DesktopServicesPriv.framework/Versions/A/DesktopServicesPriv
0x00000000017eb000 	/System/Library/Frameworks/Carbon.framework/Versions/A/Frameworks/HIToolbox.framework/Versions/A/HIToolbox
0x00000000017eb000 	/System/Library/Frameworks/QuartzCore.framework/Versions/A/QuartzCore
0x00000000017eb000 	/System/Library/Frameworks/Carbon.framework/Versions/A/Frameworks/SpeechRecognition.framework/Versions/A/SpeechRecognition
0x00000000017eb000 	/usr/lib/libauto.dylib
0x00000000017eb000 	/usr/lib/libicucore.A.dylib
0x00000000017eb000 	/usr/lib/libxml2.2.dylib
0x00000000017eb000 	/System/Library/PrivateFrameworks/CoreUI.framework/Versions/A/CoreUI
0x00000000017eb000 	/System/Library/Frameworks/CoreAudio.framework/Versions/A/CoreAudio
0x00000000017eb000 	/System/Library/Frameworks/DiskArbitration.framework/Versions/A/DiskArbitration
0x00000000017eb000 	/usr/lib/liblangid.dylib
0x00000000017eb000 	/System/Library/PrivateFrameworks/MultitouchSupport.framework/Versions/A/MultitouchSupport
0x00000000017eb000 	/System/Library/Frameworks/IOKit.framework/Versions/A/IOKit
0x00000000017eb000 	/usr/lib/libDiagnosticMessagesClient.dylib
0x00000000017eb000 	/System/Library/Frameworks/CoreServices.framework/Versions/A/CoreServices
0x00000000017eb000 	/System/Library/PrivateFrameworks/PerformanceAnalysis.framework/Versions/A/PerformanceAnalysis
0x00000000017eb000 	/System/Library/PrivateFrameworks/GenerationalStorage.framework/Versions/A/GenerationalStorage
0x00000000017eb000 	/System/Library/Frameworks/OpenGL.framework/Versions/A/OpenGL
0x00000000017eb000 	/System/Library/Frameworks/CoreText.framework/Versions/A/CoreText
0x00000000017eb000 	/System/Library/Frameworks/ImageIO.framework/Versions/A/ImageIO
0x00000000017eb000 	/System/Library/PrivateFrameworks/Backup.framework/Versions/A/Backup
0x00000000017eb000 	/System/Library/Frameworks/CFNetwork.framework/Versions/A/CFNetwork
0x00000000017eb000 	/System/Library/Frameworks/SystemConfiguration.framework/Versions/A/SystemConfiguration
0x00000000017eb000 	/usr/lib/libCRFSuite.dylib
0x00000000017eb000 	/System/Library/PrivateFrameworks/TCC.framework/Versions/A/TCC
0x00000000017eb000 	/usr/lib/libc++.1.dylib
0x00000000017eb000 	/usr/lib/libc++abi.dylib
0x00000000017eb000 	/usr/lib/system/libcache.dylib
0x00000000017eb000 	/usr/lib/system/libcommonCrypto.dylib
0x00000000017eb000 	/usr/lib/system/libcompiler_rt.dylib
0x00000000017eb000 	/usr/lib/system/libcopyfile.dylib
0x00000000017eb000 	/usr/lib/system/libdispatch.dylib
0x00000000017eb000 	/usr/lib/system/libdnsinfo.dylib
0x00000000017eb000 	/usr/lib/system/libdyld.dylib
0x00000000017eb000 	/usr/lib/system/libkeymgr.dylib
0x00000000017eb000 	/usr/lib/system/liblaunch.dylib
0x00000000017eb000 	/usr/lib/system/libmacho.dylib
0x00000000017eb000 	/usr/lib/system/libquarantine.dylib
0x00000000017eb000 	/usr/lib/system/libremovefile.dylib
0x00000000017eb000 	/usr/lib/system/libsystem_blocks.dylib
0x00000000017eb000 	/usr/lib/system/libsystem_c.dylib
0x00000000017eb000 	/usr/lib/system/libsystem_dnssd.dylib
0x00000000017eb000 	/usr/lib/system/libsystem_info.dylib
0x00000000017eb000 	/usr/lib/system/libsystem_kernel.dylib
0x00000000017eb000 	/usr/lib/system/libsystem_m.dylib
0x00000000017eb000 	/usr/lib/system/libsystem_network.dylib
0x00000000017eb000 	/usr/lib/system/libsystem_notify.dylib
0x00000000017eb000 	/usr/lib/system/libsystem_sandbox.dylib
0x00000000017eb000 	/usr/lib/system/libunc.dylib
0x00000000017eb000 	/usr/lib/system/libunwind.dylib
0x00000000017eb000 	/usr/lib/system/libxpc.dylib
0x00000000017eb000 	/usr/lib/system/libcorecrypto.dylib
0x00000000017eb000 	/usr/lib/libstdc++.6.dylib
0x00000000017eb000 	/usr/lib/libbsm.0.dylib
0x00000000017eb000 	/usr/lib/libsqlite3.dylib
0x00000000017eb000 	/usr/lib/libxar.1.dylib
0x00000000017eb000 	/usr/lib/libpam.2.dylib
0x00000000017eb000 	/usr/lib/libOpenScriptingUtil.dylib
0x00000000017eb000 	/usr/lib/libbz2.1.0.dylib
0x00000000017eb000 	/System/Library/Frameworks/CoreServices.framework/Versions/A/Frameworks/CarbonCore.framework/Versions/A/CarbonCore
0x00000000017eb000 	/System/Library/Frameworks/CoreServices.framework/Versions/A/Frameworks/Metadata.framework/Versions/A/Metadata
0x00000000017eb000 	/System/Library/Frameworks/CoreServices.framework/Versions/A/Frameworks/OSServices.framework/Versions/A/OSServices
0x00000000017eb000 	/System/Library/Frameworks/CoreServices.framework/Versions/A/Frameworks/SearchKit.framework/Versions/A/SearchKit
0x00000000017eb000 	/System/Library/Frameworks/CoreServices.framework/Versions/A/Frameworks/AE.framework/Versions/A/AE
0x00000000017eb000 	/System/Library/Frameworks/CoreServices.framework/Versions/A/Frameworks/LaunchServices.framework/Versions/A/LaunchServices
0x00000000017eb000 	/System/Library/Frameworks/CoreServices.framework/Versions/A/Frameworks/DictionaryServices.framework/Versions/A/DictionaryServices
0x00000000017eb000 	/System/Library/Frameworks/NetFS.framework/Versions/A/NetFS
0x00000000017eb000 	/usr/lib/system/libkxld.dylib
0x00000000017eb000 	/System/Library/PrivateFrameworks/NetAuth.framework/Versions/A/NetAuth
0x00000000017eb000 	/System/Library/Frameworks/OpenDirectory.framework/Versions/A/Frameworks/CFOpenDirectory.framework/Versions/A/CFOpenDirectory
0x00000000017eb000 	/usr/lib/libxslt.1.dylib
0x00000000017eb000 	/System/Library/PrivateFrameworks/FamilyControls.framework/Versions/A/FamilyControls
0x00000000017eb000 	/System/Library/Frameworks/Carbon.framework/Versions/A/Frameworks/Ink.framework/Versions/A/Ink
0x00000000017eb000 	/System/Library/Frameworks/ApplicationServices.framework/Versions/A/Frameworks/CoreGraphics.framework/Versions/A/CoreGraphics
0x00000000017eb000 	/System/Library/Frameworks/ApplicationServices.framework/Versions/A/Frameworks/ATS.framework/Versions/A/ATS
0x00000000017eb000 	/System/Library/Frameworks/ApplicationServices.framework/Versions/A/Frameworks/ColorSync.framework/Versions/A/ColorSync
0x00000000017eb000 	/System/Library/Frameworks/ApplicationServices.framework/Versions/A/Frameworks/HIServices.framework/Versions/A/HIServices
0x00000000017eb000 	/System/Library/Frameworks/ApplicationServices.framework/Versions/A/Frameworks/LangAnalysis.framework/Versions/A/LangAnalysis
0x00000000017eb000 	/System/Library/Frameworks/ApplicationServices.framework/Versions/A/Frameworks/PrintCore.framework/Versions/A/PrintCore
0x00000000017eb000 	/System/Library/Frameworks/ApplicationServices.framework/Versions/A/Frameworks/QD.framework/Versions/A/QD
0x00000000017eb000 	/System/Library/Frameworks/ApplicationServices.framework/Versions/A/Frameworks/SpeechSynthesis.framework/Versions/A/SpeechSynthesis
0x00000000017eb000 	/System/Library/Frameworks/IOSurface.framework/Versions/A/IOSurface
0x00000000017eb000 	/System/Library/Frameworks/Accelerate.framework/Versions/A/Accelerate
0x00000000017eb000 	/System/Library/Frameworks/ApplicationServices.framework/Versions/A/Frameworks/ATS.framework/Versions/A/Resources/libFontParser.dylib
0x00000000017eb000 	/System/Library/Frameworks/ApplicationServices.framework/Versions/A/Frameworks/ATS.framework/Versions/A/Resources/libFontRegistry.dylib
0x00000000017eb000 	/System/Library/Frameworks/Accelerate.framework/Versions/A/Frameworks/vImage.framework/Versions/A/vImage
0x00000000017eb000 	/System/Library/Frameworks/Accelerate.framework/Versions/A/Frameworks/vecLib.framework/Versions/A/vecLib
0x00000000017eb000 	/System/Library/Frameworks/Accelerate.framework/Versions/A/Frameworks/vecLib.framework/Versions/A/libvDSP.dylib
0x00000000017eb000 	/System/Library/Frameworks/Accelerate.framework/Versions/A/Frameworks/vecLib.framework/Versions/A/libvMisc.dylib
0x00000000017eb000 	/System/Library/Frameworks/Accelerate.framework/Versions/A/Frameworks/vecLib.framework/Versions/A/libLAPACK.dylib
0x00000000017eb000 	/System/Library/Frameworks/Accelerate.framework/Versions/A/Frameworks/vecLib.framework/Versions/A/libBLAS.dylib
0x00000000017eb000 	/System/Library/Frameworks/ImageIO.framework/Versions/A/Resources/libJPEG.dylib
0x00000000017eb000 	/System/Library/Frameworks/ImageIO.framework/Versions/A/Resources/libTIFF.dylib
0x00000000017eb000 	/System/Library/Frameworks/ImageIO.framework/Versions/A/Resources/libPng.dylib
0x00000000017eb000 	/System/Library/Frameworks/ImageIO.framework/Versions/A/Resources/libGIF.dylib
0x00000000017eb000 	/System/Library/Frameworks/ImageIO.framework/Versions/A/Resources/libJP2.dylib
0x00000000017eb000 	/System/Library/Frameworks/ImageIO.framework/Versions/A/Resources/libRadiance.dylib
0x00000000017eb000 	/usr/lib/libcups.2.dylib
0x00000000017eb000 	/System/Library/Frameworks/Kerberos.framework/Versions/A/Kerberos
0x00000000017eb000 	/System/Library/Frameworks/GSS.framework/Versions/A/GSS
0x00000000017eb000 	/usr/lib/libresolv.9.dylib
0x00000000017eb000 	/usr/lib/libiconv.2.dylib
0x00000000017eb000 	/System/Library/PrivateFrameworks/Heimdal.framework/Versions/A/Heimdal
0x00000000017eb000 	/System/Library/PrivateFrameworks/TrustEvaluationAgent.framework/Versions/A/TrustEvaluationAgent
0x00000000017eb000 	/System/Library/Frameworks/OpenDirectory.framework/Versions/A/OpenDirectory
0x00000000017eb000 	/System/Library/PrivateFrameworks/CommonAuth.framework/Versions/A/CommonAuth
0x00000000017eb000 	/System/Library/PrivateFrameworks/Bom.framework/Versions/A/Bom
0x00000000017eb000 	/System/Library/Frameworks/CoreVideo.framework/Versions/A/CoreVideo
0x00000000017eb000 	/System/Library/Frameworks/QuartzCore.framework/Versions/A/Frameworks/CoreImage.framework/Versions/A/CoreImage
0x00000000017eb000 	/System/Library/Frameworks/QuartzCore.framework/Versions/A/Frameworks/ScalableUserInterface.framework/Versions/A/ScalableUserInterface
0x00000000017eb000 	/System/Library/Frameworks/OpenGL.framework/Versions/A/Libraries/libGLU.dylib
0x00000000017eb000 	/System/Library/Frameworks/OpenGL.framework/Versions/A/Libraries/libGFXShared.dylib
0x00000000017eb000 	/System/Library/Frameworks/OpenGL.framework/Versions/A/Libraries/libGL.dylib
0x00000000017eb000 	/System/Library/Frameworks/OpenGL.framework/Versions/A/Libraries/libGLImage.dylib
0x00000000017eb000 	/System/Library/Frameworks/OpenGL.framework/Versions/A/Libraries/libCVMSPluginSupport.dylib
0x00000000017eb000 	/System/Library/Frameworks/OpenGL.framework/Versions/A/Libraries/libCoreVMClient.dylib
0x00000000017eb000 	/System/Library/PrivateFrameworks/CrashReporterSupport.framework/Versions/A/CrashReporterSupport
0x00000000017eb000 	/System/Library/Frameworks/OpenCL.framework/Versions/A/OpenCL
0x00000000017eb000 	/System/Library/PrivateFrameworks/FaceCoreLight.framework/Versions/A/FaceCoreLight
0x00000000017eb000 	/System/Library/PrivateFrameworks/AppleFSCompression.framework/Versions/A/AppleFSCompression
0x00000000017eb000 	/System/Library/PrivateFrameworks/Ubiquity.framework/Versions/A/Ubiquity
0x00000000017eb000 	/System/Library/Frameworks/ServiceManagement.framework/Versions/A/ServiceManagement
0x00000000017eb000 	/System/Library/PrivateFrameworks/ChunkingLibrary.framework/Versions/A/ChunkingLibrary
0x00000000017eb000 	/System/Library/Frameworks/vecLib.framework/Versions/A/vecLib
0x00000000017eb000 	/System/Library/Frameworks/SecurityFoundation.framework/Versions/A/SecurityFoundation
0x00000000017eb000 	/System/Library/PrivateFrameworks/CommerceKit.framework/Versions/A/Frameworks/CommerceCore.framework/Versions/A/CommerceCore
0x00000000017eb000 	/System/Library/PrivateFrameworks/CoreSymbolication.framework/Versions/A/CoreSymbolication
0x00000000017eb000 	/System/Library/PrivateFrameworks/Symbolication.framework/Versions/A/Symbolication
0x00000000017eb000 	/System/Library/PrivateFrameworks/DebugSymbols.framework/Versions/A/DebugSymbols
0x0000000108e85000 	/Library/Java/JavaVirtualMachines/jdk1.7.0_13.jdk/Contents/Home/jre/lib/server/libjvm.dylib
0x000000010992c000 	/Library/Java/JavaVirtualMachines/jdk1.7.0_13.jdk/Contents/Home/jre/lib/libverify.dylib
0x0000000109939000 	/Library/Java/JavaVirtualMachines/jdk1.7.0_13.jdk/Contents/Home/jre/lib/libjava.dylib
0x000000010996a000 	/Library/Java/JavaVirtualMachines/jdk1.7.0_13.jdk/Contents/Home/jre/lib/libjdwp.dylib
0x00000001099a7000 	/Library/Java/JavaVirtualMachines/jdk1.7.0_13.jdk/Contents/Home/jre/lib/./libnpt.dylib
0x00000001099ab000 	/Library/Java/JavaVirtualMachines/jdk1.7.0_13.jdk/Contents/Home/jre/lib/libinstrument.dylib
0x0000000109a88000 	/Library/Java/JavaVirtualMachines/jdk1.7.0_13.jdk/Contents/Home/jre/lib/libzip.dylib
0x0000000118ac6000 	/System/Library/Frameworks/JavaVM.framework/Frameworks/JavaRuntimeSupport.framework/JavaRuntimeSupport
0x0000000118ade000 	/System/Library/Frameworks/JavaVM.framework/Versions/A/Frameworks/JavaNativeFoundation.framework/Versions/A/JavaNativeFoundation
0x0000000118af3000 	/System/Library/Frameworks/JavaVM.framework/Versions/A/JavaVM
0x00000000017eb000 	/System/Library/Frameworks/Carbon.framework/Versions/A/Carbon
0x0000000118b00000 	/System/Library/PrivateFrameworks/JavaLaunching.framework/Versions/A/JavaLaunching
0x00000000017eb000 	/System/Library/Frameworks/Carbon.framework/Versions/A/Frameworks/CommonPanels.framework/Versions/A/CommonPanels
0x00000000017eb000 	/System/Library/Frameworks/Carbon.framework/Versions/A/Frameworks/Help.framework/Versions/A/Help
0x00000000017eb000 	/System/Library/Frameworks/Carbon.framework/Versions/A/Frameworks/ImageCapture.framework/Versions/A/ImageCapture
0x00000000017eb000 	/System/Library/Frameworks/Carbon.framework/Versions/A/Frameworks/OpenScripting.framework/Versions/A/OpenScripting
0x00000000017eb000 	/System/Library/Frameworks/Carbon.framework/Versions/A/Frameworks/Print.framework/Versions/A/Print
0x00000000017eb000 	/System/Library/Frameworks/Carbon.framework/Versions/A/Frameworks/SecurityHI.framework/Versions/A/SecurityHI
0x0000000118f23000 	/Library/Java/JavaVirtualMachines/jdk1.7.0_13.jdk/Contents/Home/jre/lib/libdt_socket.dylib
0x0000000119dad000 	/Library/Java/JavaVirtualMachines/jdk1.7.0_13.jdk/Contents/Home/jre/lib/libnet.dylib
0x0000000119e0a000 	/Library/Java/JavaVirtualMachines/jdk1.7.0_13.jdk/Contents/Home/jre/lib/libawt.dylib
0x0000000119eb9000 	/Library/Java/JavaVirtualMachines/jdk1.7.0_13.jdk/Contents/Home/jre/lib/./libmlib_image.dylib
0x0000000119f85000 	/Library/Java/JavaVirtualMachines/jdk1.7.0_13.jdk/Contents/Home/jre/lib/lwawt/liblwawt.dylib
0x000000011a037000 	/Library/Java/JavaVirtualMachines/jdk1.7.0_13.jdk/Contents/Home/jre/lib/libosxapp.dylib
0x000000011a053000 	/System/Library/Frameworks/ExceptionHandling.framework/Versions/A/ExceptionHandling
0x00000000017eb000 	/System/Library/PrivateFrameworks/CoreServicesInternal.framework/Versions/A/CoreServicesInternal
0x00000000017eb000 	/System/Library/PrivateFrameworks/Librarian.framework/Versions/A/Librarian
0x000000011b4ed000 	/System/Library/Frameworks/OpenGL.framework/Resources/GLEngine.bundle/GLEngine
0x000000011bc21000 	/System/Library/Frameworks/OpenGL.framework/Versions/A/Libraries/libGLProgrammability.dylib
0x0000000000000000 	/System/Library/Extensions/GeForceGLDriver.bundle/Contents/MacOS/GeForceGLDriver
0x000000011b6e2000 	/System/Library/PrivateFrameworks/GPUSupport.framework/Versions/A/Libraries/libGPUSupport.dylib
0x00000000017eb000 	/System/Library/Extensions/GeForceGLDriver.bundle/Contents/MacOS/libclh.dylib
0x000000011b6f7000 	/System/Library/Frameworks/OpenGL.framework/Resources//GLRendererFloat.bundle/GLRendererFloat
0x000000011b72b000 	/System/Library/Frameworks/OpenCL.framework/Versions/A/Libraries/libcldcpuengine.dylib
0x00000000017eb000 	/System/Library/PrivateFrameworks/DiskImages.framework/Versions/A/DiskImages
0x00000000017eb000 	/System/Library/Frameworks/DiscRecording.framework/Versions/A/DiscRecording
0x00000000017eb000 	/usr/lib/libcurl.4.dylib
0x00000000017eb000 	/System/Library/PrivateFrameworks/MediaKit.framework/Versions/A/MediaKit
0x00000000017eb000 	/usr/lib/libssl.0.9.8.dylib
0x00000000017eb000 	/usr/lib/libcrypto.0.9.8.dylib
0x00000000017eb000 	/System/Library/Frameworks/LDAP.framework/Versions/A/LDAP
0x00000000017eb000 	/usr/lib/libsasl2.2.dylib
0x00000000017eb000 	/System/Library/Frameworks/ApplicationServices.framework/Versions/A/Frameworks/CoreGraphics.framework/Versions/A/Resources/libCSync.A.dylib
0x00000000017eb000 	/System/Library/Frameworks/ApplicationServices.framework/Versions/A/Frameworks/CoreGraphics.framework/Versions/A/Resources/libRIP.A.dylib
0x000000011c800000 	/Library/Java/JavaVirtualMachines/jdk1.7.0_13.jdk/Contents/Home/jre/lib/libfontmanager.dylib
0x000000011d362000 	/Library/Java/JavaVirtualMachines/jdk1.7.0_13.jdk/Contents/Home/jre/lib/libosx.dylib
0x000000011b7d1000 	/Library/Java/JavaVirtualMachines/jdk1.7.0_13.jdk/Contents/Home/jre/lib/libnio.dylib
0x0000000118bba000 	/Library/Java/JavaVirtualMachines/jdk1.7.0_13.jdk/Contents/Home/jre/lib/libsunec.dylib

VM Arguments:
jvm_args: -agentlib:jdwp=transport=dt_socket,suspend=y,address=localhost:49217 -Ddatastore.default_high_rep_job_policy_unapplied_job_pct=50 -javaagent:/Users/billgates/Documents/workspace/appengine-java-sdk-1.7.5/lib/agent/appengine-agent.jar -Xmx512m -Xmx2048M -XX:MaxPermSize=2048m -Xbootclasspath/p:/Users/billgates/Documents/workspace/appengine-java-sdk-1.7.0/lib/override/appengine-dev-jdk-overrides.jar -Dfile.encoding=UTF-8 
java_command: com.google.gwt.dev.DevMode -remoteUI 63386:1365064091471678000 -startupUrl index.jsp -logLevel INFO -port 8888 -server com.google.appengine.tools.development.gwt.AppEngineLauncher -war /Users/billgates/Documents/workspace/www-flashcard-new/war -codeServerPort 9997 superflashcard.SuperFlashCard
Launcher Type: SUN_STANDARD

Environment Variables:
PATH=/usr/bin:/bin:/usr/sbin:/sbin
SHELL=/bin/bash

Signal Handlers:
SIGSEGV: [libjvm.dylib+0x4a361d], sa_mask[0]=0xfffefeff, sa_flags=0x00000042
SIGBUS: [libjvm.dylib+0x4a361d], sa_mask[0]=0xfffefeff, sa_flags=0x00000042
SIGFPE: [libjvm.dylib+0x3b302d], sa_mask[0]=0xfffefeff, sa_flags=0x00000042
SIGPIPE: [libjvm.dylib+0x3b302d], sa_mask[0]=0xfffefeff, sa_flags=0x00000042
SIGXFSZ: [libjvm.dylib+0x3b302d], sa_mask[0]=0xfffefeff, sa_flags=0x00000042
SIGILL: [libjvm.dylib+0x3b302d], sa_mask[0]=0xfffefeff, sa_flags=0x00000042
SIGUSR1: SIG_DFL, sa_mask[0]=0x00000000, sa_flags=0x00000002
SIGUSR2: [libjvm.dylib+0x3b2bc6], sa_mask[0]=0x00000004, sa_flags=0x00000042
SIGHUP: [libjvm.dylib+0x3b0e27], sa_mask[0]=0xfffefeff, sa_flags=0x00000042
SIGINT: [libjvm.dylib+0x3b0e27], sa_mask[0]=0xfffefeff, sa_flags=0x00000042
SIGTERM: [libjvm.dylib+0x3b0e27], sa_mask[0]=0xfffefeff, sa_flags=0x00000042
SIGQUIT: [libjvm.dylib+0x3b0e27], sa_mask[0]=0xfffefeff, sa_flags=0x00000042


---------------  S Y S T E M  ---------------

OS:Bsduname:Darwin 12.3.0 Darwin Kernel Version 12.3.0: Sun Jan  6 22:37:10 PST 2013; root:xnu-2050.22.13~1/RELEASE_X86_64 x86_64
rlimit: STACK 8192k, CORE 0k, NPROC 709, NOFILE 10240, AS infinity
load average:1.41 1.34 1.51

CPU:total 2 (2 cores per cpu, 1 threads per core) family 6 model 23 stepping 6, cmov, cx8, fxsr, mmx, sse, sse2, sse3, ssse3, sse4.1, tsc

Memory: 4k page, physical 5792788k(1448197k free)

/proc/meminfo:


vm_info: Java HotSpot(TM) 64-Bit Server VM (23.7-b01) for bsd-amd64 JRE (1.7.0_13-b20), built on Jan 30 2013 01:14:41 by "java_re" with gcc 4.2.1 (Based on Apple Inc. build 5658) (LLVM build 2336.9.00)

time: Thu Apr  4 16:24:01 2013
elapsed time: 3349 seconds

